2019-05-25 11:00:37: select * from `permissions`
2019-05-25 11:00:37: select `roles`.*, `permission_role`.`permission_id` as `pivot_permission_id`, `permission_role`.`role_id` as `pivot_role_id` from `roles` inner join `permission_role` on `roles`.`id` = `permission_role`.`role_id` where `permission_role`.`permission_id` in (7, 8, 9, 10, 11, 12, 13, 14, 15, 16, 17, 18, 19, 23, 24, 25, 26, 27, 28, 29, 30, 31, 32, 33, 34, 35, 36, 37, 38, 39, 40, 41, 42, 43, 44, 45, 46, 47, 48, 49, 50)
2019-05-25 11:00:39: select * from `permissions`
2019-05-25 11:00:39: select `roles`.*, `permission_role`.`permission_id` as `pivot_permission_id`, `permission_role`.`role_id` as `pivot_role_id` from `roles` inner join `permission_role` on `roles`.`id` = `permission_role`.`role_id` where `permission_role`.`permission_id` in (7, 8, 9, 10, 11, 12, 13, 14, 15, 16, 17, 18, 19, 23, 24, 25, 26, 27, 28, 29, 30, 31, 32, 33, 34, 35, 36, 37, 38, 39, 40, 41, 42, 43, 44, 45, 46, 47, 48, 49, 50)
2019-05-25 11:00:39: select * from `users` where `id` = '9' and `remember_token` = '8vwMCH0L9voHu6PqbYctifeRWSch1Jce3loHqpchg3YN3EaJLBeJCwxLToxs' limit 1
2019-05-25 11:00:39: select * from `permissions`
2019-05-25 11:00:39: select `roles`.*, `permission_role`.`permission_id` as `pivot_permission_id`, `permission_role`.`role_id` as `pivot_role_id` from `roles` inner join `permission_role` on `roles`.`id` = `permission_role`.`role_id` where `permission_role`.`permission_id` in (7, 8, 9, 10, 11, 12, 13, 14, 15, 16, 17, 18, 19, 23, 24, 25, 26, 27, 28, 29, 30, 31, 32, 33, 34, 35, 36, 37, 38, 39, 40, 41, 42, 43, 44, 45, 46, 47, 48, 49, 50)
2019-05-25 11:00:39: select * from `users` where `id` = '9' and `remember_token` = '8vwMCH0L9voHu6PqbYctifeRWSch1Jce3loHqpchg3YN3EaJLBeJCwxLToxs' limit 1
2019-05-25 11:00:41: select * from `permissions`
2019-05-25 11:00:41: select `roles`.*, `permission_role`.`permission_id` as `pivot_permission_id`, `permission_role`.`role_id` as `pivot_role_id` from `roles` inner join `permission_role` on `roles`.`id` = `permission_role`.`role_id` where `permission_role`.`permission_id` in (7, 8, 9, 10, 11, 12, 13, 14, 15, 16, 17, 18, 19, 23, 24, 25, 26, 27, 28, 29, 30, 31, 32, 33, 34, 35, 36, 37, 38, 39, 40, 41, 42, 43, 44, 45, 46, 47, 48, 49, 50)
2019-05-25 11:00:41: select * from `users` where `id` = '9' and `remember_token` = '8vwMCH0L9voHu6PqbYctifeRWSch1Jce3loHqpchg3YN3EaJLBeJCwxLToxs' limit 1
2019-05-25 11:00:41: select * from `users` where `email` = '123123@qq.com' limit 1
2019-05-25 11:00:41: insert into `user_log` (`userid`, `name`, `desc`, `ip`, `created_at`) values (9, 'gutao', '用户登录成功!', 2130706433, '2019-05-25 11:00:41')
2019-05-25 11:00:41: select * from `permissions`
2019-05-25 11:00:41: select `roles`.*, `permission_role`.`permission_id` as `pivot_permission_id`, `permission_role`.`role_id` as `pivot_role_id` from `roles` inner join `permission_role` on `roles`.`id` = `permission_role`.`role_id` where `permission_role`.`permission_id` in (7, 8, 9, 10, 11, 12, 13, 14, 15, 16, 17, 18, 19, 23, 24, 25, 26, 27, 28, 29, 30, 31, 32, 33, 34, 35, 36, 37, 38, 39, 40, 41, 42, 43, 44, 45, 46, 47, 48, 49, 50)
2019-05-25 11:00:41: select * from `users` where `users`.`id` = 9 limit 1
2019-05-25 11:00:41: select `role_id` from `role_user` where `user_id` = 9 limit 1
2019-05-25 11:00:41: select * from `roles` where `id` = 1 limit 1
2019-05-25 11:00:41: select * from `permissions`
2019-05-25 11:00:41: select `roles`.*, `permission_role`.`permission_id` as `pivot_permission_id`, `permission_role`.`role_id` as `pivot_role_id` from `roles` inner join `permission_role` on `roles`.`id` = `permission_role`.`role_id` where `permission_role`.`permission_id` in (7, 8, 9, 10, 11, 12, 13, 14, 15, 16, 17, 18, 19, 23, 24, 25, 26, 27, 28, 29, 30, 31, 32, 33, 34, 35, 36, 37, 38, 39, 40, 41, 42, 43, 44, 45, 46, 47, 48, 49, 50)
2019-05-25 11:00:42: select * from `users` where `users`.`id` = 9 limit 1
2019-05-25 11:00:42: select `role_id` from `role_user` where `user_id` = 9 limit 1
2019-05-25 11:00:42: select * from `role_user` where `user_id` = 9 limit 1
2019-05-25 11:00:42: select * from `permissions`
2019-05-25 11:00:42: select `roles`.*, `permission_role`.`permission_id` as `pivot_permission_id`, `permission_role`.`role_id` as `pivot_role_id` from `roles` inner join `permission_role` on `roles`.`id` = `permission_role`.`role_id` where `permission_role`.`permission_id` in (7, 8, 9, 10, 11, 12, 13, 14, 15, 16, 17, 18, 19, 23, 24, 25, 26, 27, 28, 29, 30, 31, 32, 33, 34, 35, 36, 37, 38, 39, 40, 41, 42, 43, 44, 45, 46, 47, 48, 49, 50)
2019-05-25 11:00:42: select * from `permissions`
2019-05-25 11:00:42: select `roles`.*, `permission_role`.`permission_id` as `pivot_permission_id`, `permission_role`.`role_id` as `pivot_role_id` from `roles` inner join `permission_role` on `roles`.`id` = `permission_role`.`role_id` where `permission_role`.`permission_id` in (7, 8, 9, 10, 11, 12, 13, 14, 15, 16, 17, 18, 19, 23, 24, 25, 26, 27, 28, 29, 30, 31, 32, 33, 34, 35, 36, 37, 38, 39, 40, 41, 42, 43, 44, 45, 46, 47, 48, 49, 50)
2019-05-25 11:00:43: select * from `users` where `users`.`id` = 9 limit 1
2019-05-25 11:00:43: select count(*) as aggregate from `user_log` where `userid` = 9 and `desc` = '用户登录成功!'
2019-05-25 11:00:43: select * from `user_log` where `userid` = 9 and `desc` = '用户登录成功!' order by `created_at` desc limit 1
2019-05-25 11:00:43: select `role_id` from `role_user` where `user_id` = 9 limit 1
2019-05-25 11:00:43: select * from `roles` where `id` = 1 limit 1
2019-05-25 11:00:43: select * from `permissions`
2019-05-25 11:00:43: select `roles`.*, `permission_role`.`permission_id` as `pivot_permission_id`, `permission_role`.`role_id` as `pivot_role_id` from `roles` inner join `permission_role` on `roles`.`id` = `permission_role`.`role_id` where `permission_role`.`permission_id` in (7, 8, 9, 10, 11, 12, 13, 14, 15, 16, 17, 18, 19, 23, 24, 25, 26, 27, 28, 29, 30, 31, 32, 33, 34, 35, 36, 37, 38, 39, 40, 41, 42, 43, 44, 45, 46, 47, 48, 49, 50)
2019-05-25 11:00:44: select * from `permissions`
2019-05-25 11:00:44: select `roles`.*, `permission_role`.`permission_id` as `pivot_permission_id`, `permission_role`.`role_id` as `pivot_role_id` from `roles` inner join `permission_role` on `roles`.`id` = `permission_role`.`role_id` where `permission_role`.`permission_id` in (7, 8, 9, 10, 11, 12, 13, 14, 15, 16, 17, 18, 19, 23, 24, 25, 26, 27, 28, 29, 30, 31, 32, 33, 34, 35, 36, 37, 38, 39, 40, 41, 42, 43, 44, 45, 46, 47, 48, 49, 50)
2019-05-25 11:00:45: select * from `permissions`
2019-05-25 11:00:45: select `roles`.*, `permission_role`.`permission_id` as `pivot_permission_id`, `permission_role`.`role_id` as `pivot_role_id` from `roles` inner join `permission_role` on `roles`.`id` = `permission_role`.`role_id` where `permission_role`.`permission_id` in (7, 8, 9, 10, 11, 12, 13, 14, 15, 16, 17, 18, 19, 23, 24, 25, 26, 27, 28, 29, 30, 31, 32, 33, 34, 35, 36, 37, 38, 39, 40, 41, 42, 43, 44, 45, 46, 47, 48, 49, 50)
2019-05-25 11:00:45: select * from `users` where `users`.`id` = 9 limit 1
2019-05-25 11:00:45: select * from `permissions` where `name` = 'novel/channel' limit 1
2019-05-25 11:00:45: select * from `role_user` where `user_id` = 9 limit 1
2019-05-25 11:00:45: select * from `role_user` where `user_id` = 9 limit 1
2019-05-25 11:00:45: select * from `newcate` where `status` = 1 order by `sort` asc
2019-05-25 11:00:45: select count(*) as aggregate from `channel` where `status` = 1
2019-05-25 11:00:45: select * from `channel` where `status` = 1 order by `id` asc limit 23 offset 0
2019-05-25 11:00:46: select * from `permissions`
2019-05-25 11:00:46: select `roles`.*, `permission_role`.`permission_id` as `pivot_permission_id`, `permission_role`.`role_id` as `pivot_role_id` from `roles` inner join `permission_role` on `roles`.`id` = `permission_role`.`role_id` where `permission_role`.`permission_id` in (7, 8, 9, 10, 11, 12, 13, 14, 15, 16, 17, 18, 19, 23, 24, 25, 26, 27, 28, 29, 30, 31, 32, 33, 34, 35, 36, 37, 38, 39, 40, 41, 42, 43, 44, 45, 46, 47, 48, 49, 50)
2019-05-25 11:00:46: select * from `users` where `users`.`id` = 9 limit 1
2019-05-25 11:00:46: select * from `permissions` where `name` = 'novel/announce' limit 1
2019-05-25 11:00:46: select * from `role_user` where `user_id` = 9 limit 1
2019-05-25 11:00:46: select * from `role_user` where `user_id` = 9 limit 1
2019-05-25 11:00:46: select count(*) as aggregate from `announce` where `status` = 1
2019-05-25 11:00:46: select * from `announce` where `status` = 1 order by `id` asc limit 23 offset 0
2019-05-25 11:01:42: select * from `permissions`
2019-05-25 11:01:42: select `roles`.*, `permission_role`.`permission_id` as `pivot_permission_id`, `permission_role`.`role_id` as `pivot_role_id` from `roles` inner join `permission_role` on `roles`.`id` = `permission_role`.`role_id` where `permission_role`.`permission_id` in (7, 8, 9, 10, 11, 12, 13, 14, 15, 16, 17, 18, 19, 23, 24, 25, 26, 27, 28, 29, 30, 31, 32, 33, 34, 35, 36, 37, 38, 39, 40, 41, 42, 43, 44, 45, 46, 47, 48, 49, 50)
2019-05-25 11:01:42: select * from `users` where `users`.`id` = 9 limit 1
2019-05-25 11:01:42: select * from `permissions` where `name` = 'novel/announce' limit 1
2019-05-25 11:01:42: select * from `role_user` where `user_id` = 9 limit 1
2019-05-25 11:01:42: select * from `role_user` where `user_id` = 9 limit 1
2019-05-25 11:01:42: select count(*) as aggregate from `announce` where `status` = 1
2019-05-25 11:01:42: select * from `announce` where `status` = 1 order by `id` asc limit 23 offset 0
2019-05-25 11:01:53: select * from `permissions`
2019-05-25 11:01:53: select `roles`.*, `permission_role`.`permission_id` as `pivot_permission_id`, `permission_role`.`role_id` as `pivot_role_id` from `roles` inner join `permission_role` on `roles`.`id` = `permission_role`.`role_id` where `permission_role`.`permission_id` in (7, 8, 9, 10, 11, 12, 13, 14, 15, 16, 17, 18, 19, 23, 24, 25, 26, 27, 28, 29, 30, 31, 32, 33, 34, 35, 36, 37, 38, 39, 40, 41, 42, 43, 44, 45, 46, 47, 48, 49, 50)
2019-05-25 11:01:53: select * from `users` where `users`.`id` = 9 limit 1
2019-05-25 11:01:53: select * from `permissions` where `name` = 'novel/add-announce' limit 1
2019-05-25 11:01:53: select * from `role_user` where `user_id` = 9 limit 1
2019-05-25 11:01:53: select * from `role_user` where `user_id` = 9 limit 1
2019-05-25 11:01:53: insert into `announce` (`content`, `jump`, `novelid`, `pushstatus`, `pushtime`, `status`) values ('啊啊', '2', '123', 0, 1553356800, 1)
2019-05-25 11:01:53: select * from `permissions`
2019-05-25 11:01:53: select `roles`.*, `permission_role`.`permission_id` as `pivot_permission_id`, `permission_role`.`role_id` as `pivot_role_id` from `roles` inner join `permission_role` on `roles`.`id` = `permission_role`.`role_id` where `permission_role`.`permission_id` in (7, 8, 9, 10, 11, 12, 13, 14, 15, 16, 17, 18, 19, 23, 24, 25, 26, 27, 28, 29, 30, 31, 32, 33, 34, 35, 36, 37, 38, 39, 40, 41, 42, 43, 44, 45, 46, 47, 48, 49, 50)
2019-05-25 11:01:53: select * from `users` where `users`.`id` = 9 limit 1
2019-05-25 11:01:53: select * from `permissions` where `name` = 'novel/announce' limit 1
2019-05-25 11:01:53: select * from `role_user` where `user_id` = 9 limit 1
2019-05-25 11:01:53: select * from `role_user` where `user_id` = 9 limit 1
2019-05-25 11:01:53: select count(*) as aggregate from `announce` where `status` = 1
2019-05-25 11:01:53: select * from `announce` where `status` = 1 order by `id` asc limit 23 offset 0
2019-05-25 11:03:41: select * from `permissions`
2019-05-25 11:03:41: select `roles`.*, `permission_role`.`permission_id` as `pivot_permission_id`, `permission_role`.`role_id` as `pivot_role_id` from `roles` inner join `permission_role` on `roles`.`id` = `permission_role`.`role_id` where `permission_role`.`permission_id` in (7, 8, 9, 10, 11, 12, 13, 14, 15, 16, 17, 18, 19, 23, 24, 25, 26, 27, 28, 29, 30, 31, 32, 33, 34, 35, 36, 37, 38, 39, 40, 41, 42, 43, 44, 45, 46, 47, 48, 49, 50)
2019-05-25 11:03:41: select * from `users` where `users`.`id` = 9 limit 1
2019-05-25 11:03:41: select * from `permissions` where `name` = 'novel/announce' limit 1
2019-05-25 11:03:41: select * from `role_user` where `user_id` = 9 limit 1
2019-05-25 11:03:41: select * from `role_user` where `user_id` = 9 limit 1
2019-05-25 11:03:41: select count(*) as aggregate from `announce` where `status` = 1
2019-05-25 11:03:41: select * from `announce` where `status` = 1 order by `id` asc limit 23 offset 0
2019-05-25 11:03:59: select * from `permissions`
2019-05-25 11:03:59: select `roles`.*, `permission_role`.`permission_id` as `pivot_permission_id`, `permission_role`.`role_id` as `pivot_role_id` from `roles` inner join `permission_role` on `roles`.`id` = `permission_role`.`role_id` where `permission_role`.`permission_id` in (7, 8, 9, 10, 11, 12, 13, 14, 15, 16, 17, 18, 19, 23, 24, 25, 26, 27, 28, 29, 30, 31, 32, 33, 34, 35, 36, 37, 38, 39, 40, 41, 42, 43, 44, 45, 46, 47, 48, 49, 50)
2019-05-25 11:04:00: select * from `users` where `users`.`id` = 9 limit 1
2019-05-25 11:04:00: select * from `permissions` where `name` = 'novel/edit-announce' limit 1
2019-05-25 11:04:00: select * from `role_user` where `user_id` = 9 limit 1
2019-05-25 11:04:00: select * from `role_user` where `user_id` = 9 limit 1
2019-05-25 11:04:00: update `announce` set `content` = '啊啊吧', `jump` = '2', `novelid` = '1232', `pushtime` = 1553356800 where `id` = '3'
2019-05-25 11:04:00: select * from `permissions`
2019-05-25 11:04:00: select `roles`.*, `permission_role`.`permission_id` as `pivot_permission_id`, `permission_role`.`role_id` as `pivot_role_id` from `roles` inner join `permission_role` on `roles`.`id` = `permission_role`.`role_id` where `permission_role`.`permission_id` in (7, 8, 9, 10, 11, 12, 13, 14, 15, 16, 17, 18, 19, 23, 24, 25, 26, 27, 28, 29, 30, 31, 32, 33, 34, 35, 36, 37, 38, 39, 40, 41, 42, 43, 44, 45, 46, 47, 48, 49, 50)
2019-05-25 11:04:00: select * from `users` where `users`.`id` = 9 limit 1
2019-05-25 11:04:00: select * from `permissions` where `name` = 'novel/announce' limit 1
2019-05-25 11:04:00: select * from `role_user` where `user_id` = 9 limit 1
2019-05-25 11:04:00: select * from `role_user` where `user_id` = 9 limit 1
2019-05-25 11:04:00: select count(*) as aggregate from `announce` where `status` = 1
2019-05-25 11:04:00: select * from `announce` where `status` = 1 order by `id` asc limit 23 offset 0
2019-05-25 16:42:32: select * from `permissions`
2019-05-25 16:42:32: select `roles`.*, `permission_role`.`permission_id` as `pivot_permission_id`, `permission_role`.`role_id` as `pivot_role_id` from `roles` inner join `permission_role` on `roles`.`id` = `permission_role`.`role_id` where `permission_role`.`permission_id` in (7, 8, 9, 10, 11, 12, 13, 14, 15, 16, 17, 18, 19, 23, 24, 25, 26, 27, 28, 29, 30, 31, 32, 33, 34, 35, 36, 37, 38, 39, 40, 41, 42, 43, 44, 45, 46, 47, 48, 49, 50)
2019-05-25 16:42:46: select * from `permissions`
2019-05-25 16:42:46: select `roles`.*, `permission_role`.`permission_id` as `pivot_permission_id`, `permission_role`.`role_id` as `pivot_role_id` from `roles` inner join `permission_role` on `roles`.`id` = `permission_role`.`role_id` where `permission_role`.`permission_id` in (7, 8, 9, 10, 11, 12, 13, 14, 15, 16, 17, 18, 19, 23, 24, 25, 26, 27, 28, 29, 30, 31, 32, 33, 34, 35, 36, 37, 38, 39, 40, 41, 42, 43, 44, 45, 46, 47, 48, 49, 50)
2019-05-25 16:42:46: select * from `novel_banner` where `status` = 1 and `type` = 1 order by `sort` asc
2019-05-25 16:42:46: select 
                        choice_novel.novelid as novelid,choiceness.id as cid,choiceness.name as cname from choiceness 
                        left join choice_novel on choiceness.id=choice_novel.choiceid where choiceness.type=2 and choiceness.status=1 and choice_novel.status=1 order by choice_novel.sort asc limit 0,10
2019-05-25 16:42:46: select * from `choiceness` where `status` = 1 and `isdel` = 1 and `type` in (4, 5) order by `sort` asc
2019-05-25 16:42:46: select 
                        novelid,id   from choice_novel 
                         where choiceid=5 and status=1  order by  sort asc limit 0,10
2019-05-25 16:42:46: select `novel`.`name` as `novelname`, `novel`.`source_id` as `sourceid`, `novel`.`source_id` as `sourceid`, `novel`.`nove_line_cate_id` as `cateid`, `novel`.`id` as `novelid`, `novel`.`click_nums` as `read`, `novel`.`img` as `img`, `novel`.`summary` as `summary`, `novel`.`author` as `author`, `cate`.`name` as `catename` from `nv_novel` as `novel` inner join `nv_novel_line_category` as `cate` on `cate`.`id` = `novel`.`nove_line_cate_id` where `novel`.`id` = 347904 and `novel`.`is_finished` = 1 and `novel`.`status` = 1 limit 1
2019-05-25 16:42:46: select `novel`.`name` as `novelname`, `novel`.`source_id` as `sourceid`, `novel`.`source_id` as `sourceid`, `novel`.`nove_line_cate_id` as `cateid`, `novel`.`id` as `novelid`, `novel`.`click_nums` as `read`, `novel`.`img` as `img`, `novel`.`summary` as `summary`, `novel`.`author` as `author`, `cate`.`name` as `catename` from `nv_novel` as `novel` inner join `nv_novel_line_category` as `cate` on `cate`.`id` = `novel`.`nove_line_cate_id` where `novel`.`id` = 348416 and `novel`.`is_finished` = 1 and `novel`.`status` = 1 limit 1
2019-05-25 16:42:46: select `novel`.`name` as `novelname`, `novel`.`source_id` as `sourceid`, `novel`.`source_id` as `sourceid`, `novel`.`nove_line_cate_id` as `cateid`, `novel`.`id` as `novelid`, `novel`.`click_nums` as `read`, `novel`.`img` as `img`, `novel`.`summary` as `summary`, `novel`.`author` as `author`, `cate`.`name` as `catename` from `nv_novel` as `novel` inner join `nv_novel_line_category` as `cate` on `cate`.`id` = `novel`.`nove_line_cate_id` where `novel`.`id` = 348928 and `novel`.`is_finished` = 1 and `novel`.`status` = 1 limit 1
2019-05-25 16:42:46: select `novel`.`name` as `novelname`, `novel`.`source_id` as `sourceid`, `novel`.`source_id` as `sourceid`, `novel`.`nove_line_cate_id` as `cateid`, `novel`.`id` as `novelid`, `novel`.`click_nums` as `read`, `novel`.`img` as `img`, `novel`.`summary` as `summary`, `novel`.`author` as `author`, `cate`.`name` as `catename` from `nv_novel` as `novel` inner join `nv_novel_line_category` as `cate` on `cate`.`id` = `novel`.`nove_line_cate_id` where `novel`.`id` = 350208 and `novel`.`is_finished` = 1 and `novel`.`status` = 1 limit 1
2019-05-25 16:42:47: select `novel`.`name` as `novelname`, `novel`.`source_id` as `sourceid`, `novel`.`source_id` as `sourceid`, `novel`.`nove_line_cate_id` as `cateid`, `novel`.`id` as `novelid`, `novel`.`click_nums` as `read`, `novel`.`img` as `img`, `novel`.`summary` as `summary`, `novel`.`author` as `author`, `cate`.`name` as `catename` from `nv_novel` as `novel` inner join `nv_novel_line_category` as `cate` on `cate`.`id` = `novel`.`nove_line_cate_id` where `novel`.`id` = 352256 and `novel`.`is_finished` = 1 and `novel`.`status` = 1 limit 1
2019-05-25 16:42:47: select `novel`.`name` as `novelname`, `novel`.`source_id` as `sourceid`, `novel`.`source_id` as `sourceid`, `novel`.`nove_line_cate_id` as `cateid`, `novel`.`id` as `novelid`, `novel`.`click_nums` as `read`, `novel`.`img` as `img`, `novel`.`summary` as `summary`, `novel`.`author` as `author`, `cate`.`name` as `catename` from `nv_novel` as `novel` inner join `nv_novel_line_category` as `cate` on `cate`.`id` = `novel`.`nove_line_cate_id` where `novel`.`id` = 354304 and `novel`.`is_finished` = 1 and `novel`.`status` = 1 limit 1
2019-05-25 16:42:47: select `novel`.`name` as `novelname`, `novel`.`source_id` as `sourceid`, `novel`.`source_id` as `sourceid`, `novel`.`nove_line_cate_id` as `cateid`, `novel`.`id` as `novelid`, `novel`.`click_nums` as `read`, `novel`.`img` as `img`, `novel`.`summary` as `summary`, `novel`.`author` as `author`, `cate`.`name` as `catename` from `nv_novel` as `novel` inner join `nv_novel_line_category` as `cate` on `cate`.`id` = `novel`.`nove_line_cate_id` where `novel`.`id` = 350976 and `novel`.`is_finished` = 1 and `novel`.`status` = 1 limit 1
2019-05-25 16:42:47: select `novel`.`name` as `novelname`, `novel`.`source_id` as `sourceid`, `novel`.`source_id` as `sourceid`, `novel`.`nove_line_cate_id` as `cateid`, `novel`.`id` as `novelid`, `novel`.`click_nums` as `read`, `novel`.`img` as `img`, `novel`.`summary` as `summary`, `novel`.`author` as `author`, `cate`.`name` as `catename` from `nv_novel` as `novel` inner join `nv_novel_line_category` as `cate` on `cate`.`id` = `novel`.`nove_line_cate_id` where `novel`.`id` = 1280 and `novel`.`is_finished` = 1 and `novel`.`status` = 1 limit 1
2019-05-25 16:42:47: select `novel`.`name` as `novelname`, `novel`.`source_id` as `sourceid`, `novel`.`source_id` as `sourceid`, `novel`.`nove_line_cate_id` as `cateid`, `novel`.`id` as `novelid`, `novel`.`click_nums` as `read`, `novel`.`img` as `img`, `novel`.`summary` as `summary`, `novel`.`author` as `author`, `cate`.`name` as `catename` from `nv_novel` as `novel` inner join `nv_novel_line_category` as `cate` on `cate`.`id` = `novel`.`nove_line_cate_id` where `novel`.`id` = 348160 and `novel`.`is_finished` = 1 and `novel`.`status` = 1 limit 1
2019-05-25 16:42:47: select `novel`.`name` as `novelname`, `novel`.`source_id` as `sourceid`, `novel`.`source_id` as `sourceid`, `novel`.`nove_line_cate_id` as `cateid`, `novel`.`id` as `novelid`, `novel`.`click_nums` as `read`, `novel`.`img` as `img`, `novel`.`summary` as `summary`, `novel`.`author` as `author`, `cate`.`name` as `catename` from `nv_novel` as `novel` inner join `nv_novel_line_category` as `cate` on `cate`.`id` = `novel`.`nove_line_cate_id` where `novel`.`id` = 354560 and `novel`.`is_finished` = 1 and `novel`.`status` = 1 limit 1
2019-05-25 16:42:47: select 
                        novelid,id   from choice_novel 
                         where choiceid=6 and status=1  order by  sort asc limit 0,10
2019-05-25 16:42:47: select `novel`.`name` as `novelname`, `novel`.`source_id` as `sourceid`, `novel`.`source_id` as `sourceid`, `novel`.`nove_line_cate_id` as `cateid`, `novel`.`id` as `novelid`, `novel`.`click_nums` as `read`, `novel`.`img` as `img`, `novel`.`summary` as `summary`, `novel`.`author` as `author`, `cate`.`name` as `catename` from `nv_novel` as `novel` inner join `nv_novel_line_category` as `cate` on `cate`.`id` = `novel`.`nove_line_cate_id` where `novel`.`id` = 353792 and `novel`.`is_finished` = 1 and `novel`.`status` = 1 limit 1
2019-05-25 16:42:47: select `novel`.`name` as `novelname`, `novel`.`source_id` as `sourceid`, `novel`.`source_id` as `sourceid`, `novel`.`nove_line_cate_id` as `cateid`, `novel`.`id` as `novelid`, `novel`.`click_nums` as `read`, `novel`.`img` as `img`, `novel`.`summary` as `summary`, `novel`.`author` as `author`, `cate`.`name` as `catename` from `nv_novel` as `novel` inner join `nv_novel_line_category` as `cate` on `cate`.`id` = `novel`.`nove_line_cate_id` where `novel`.`id` = 353280 and `novel`.`is_finished` = 1 and `novel`.`status` = 1 limit 1
2019-05-25 16:42:47: select `novel`.`name` as `novelname`, `novel`.`source_id` as `sourceid`, `novel`.`source_id` as `sourceid`, `novel`.`nove_line_cate_id` as `cateid`, `novel`.`id` as `novelid`, `novel`.`click_nums` as `read`, `novel`.`img` as `img`, `novel`.`summary` as `summary`, `novel`.`author` as `author`, `cate`.`name` as `catename` from `nv_novel` as `novel` inner join `nv_novel_line_category` as `cate` on `cate`.`id` = `novel`.`nove_line_cate_id` where `novel`.`id` = 352000 and `novel`.`is_finished` = 1 and `novel`.`status` = 1 limit 1
2019-05-25 16:42:47: select `novel`.`name` as `novelname`, `novel`.`source_id` as `sourceid`, `novel`.`source_id` as `sourceid`, `novel`.`nove_line_cate_id` as `cateid`, `novel`.`id` as `novelid`, `novel`.`click_nums` as `read`, `novel`.`img` as `img`, `novel`.`summary` as `summary`, `novel`.`author` as `author`, `cate`.`name` as `catename` from `nv_novel` as `novel` inner join `nv_novel_line_category` as `cate` on `cate`.`id` = `novel`.`nove_line_cate_id` where `novel`.`id` = 351232 and `novel`.`is_finished` = 1 and `novel`.`status` = 1 limit 1
2019-05-25 16:42:47: select `novel`.`name` as `novelname`, `novel`.`source_id` as `sourceid`, `novel`.`source_id` as `sourceid`, `novel`.`nove_line_cate_id` as `cateid`, `novel`.`id` as `novelid`, `novel`.`click_nums` as `read`, `novel`.`img` as `img`, `novel`.`summary` as `summary`, `novel`.`author` as `author`, `cate`.`name` as `catename` from `nv_novel` as `novel` inner join `nv_novel_line_category` as `cate` on `cate`.`id` = `novel`.`nove_line_cate_id` where `novel`.`id` = 350720 and `novel`.`is_finished` = 1 and `novel`.`status` = 1 limit 1
2019-05-25 16:42:47: select `novel`.`name` as `novelname`, `novel`.`source_id` as `sourceid`, `novel`.`source_id` as `sourceid`, `novel`.`nove_line_cate_id` as `cateid`, `novel`.`id` as `novelid`, `novel`.`click_nums` as `read`, `novel`.`img` as `img`, `novel`.`summary` as `summary`, `novel`.`author` as `author`, `cate`.`name` as `catename` from `nv_novel` as `novel` inner join `nv_novel_line_category` as `cate` on `cate`.`id` = `novel`.`nove_line_cate_id` where `novel`.`id` = 349184 and `novel`.`is_finished` = 1 and `novel`.`status` = 1 limit 1
2019-05-25 16:42:47: select 
                        novelid,id   from choice_novel 
                         where choiceid=9 and status=1  order by  sort asc limit 0,10
2019-05-25 16:42:47: select `novel`.`name` as `novelname`, `novel`.`source_id` as `sourceid`, `novel`.`source_id` as `sourceid`, `novel`.`nove_line_cate_id` as `cateid`, `novel`.`id` as `novelid`, `novel`.`click_nums` as `read`, `novel`.`img` as `img`, `novel`.`summary` as `summary`, `novel`.`author` as `author`, `cate`.`name` as `catename` from `nv_novel` as `novel` inner join `nv_novel_line_category` as `cate` on `cate`.`id` = `novel`.`nove_line_cate_id` where `novel`.`id` = 348672 and `novel`.`is_finished` = 1 and `novel`.`status` = 1 limit 1
2019-05-25 16:42:47: select `novel`.`name` as `novelname`, `novel`.`source_id` as `sourceid`, `novel`.`source_id` as `sourceid`, `novel`.`nove_line_cate_id` as `cateid`, `novel`.`id` as `novelid`, `novel`.`click_nums` as `read`, `novel`.`img` as `img`, `novel`.`summary` as `summary`, `novel`.`author` as `author`, `cate`.`name` as `catename` from `nv_novel` as `novel` inner join `nv_novel_line_category` as `cate` on `cate`.`id` = `novel`.`nove_line_cate_id` where `novel`.`id` = 351232 and `novel`.`is_finished` = 1 and `novel`.`status` = 1 limit 1
2019-05-25 16:42:48: select `novel`.`name` as `novelname`, `novel`.`source_id` as `sourceid`, `novel`.`source_id` as `sourceid`, `novel`.`nove_line_cate_id` as `cateid`, `novel`.`id` as `novelid`, `novel`.`click_nums` as `read`, `novel`.`img` as `img`, `novel`.`summary` as `summary`, `novel`.`author` as `author`, `cate`.`name` as `catename` from `nv_novel` as `novel` inner join `nv_novel_line_category` as `cate` on `cate`.`id` = `novel`.`nove_line_cate_id` where `novel`.`id` = 353792 and `novel`.`is_finished` = 1 and `novel`.`status` = 1 limit 1
2019-05-25 16:42:48: select `novel`.`name` as `novelname`, `novel`.`source_id` as `sourceid`, `novel`.`source_id` as `sourceid`, `novel`.`nove_line_cate_id` as `cateid`, `novel`.`id` as `novelid`, `novel`.`click_nums` as `read`, `novel`.`img` as `img`, `novel`.`summary` as `summary`, `novel`.`author` as `author`, `cate`.`name` as `catename` from `nv_novel` as `novel` inner join `nv_novel_line_category` as `cate` on `cate`.`id` = `novel`.`nove_line_cate_id` where `novel`.`id` = 354048 and `novel`.`is_finished` = 1 and `novel`.`status` = 1 limit 1
2019-05-25 16:42:48: select `novel`.`name` as `novelname`, `novel`.`source_id` as `sourceid`, `novel`.`source_id` as `sourceid`, `novel`.`nove_line_cate_id` as `cateid`, `novel`.`id` as `novelid`, `novel`.`click_nums` as `read`, `novel`.`img` as `img`, `novel`.`summary` as `summary`, `novel`.`author` as `author`, `cate`.`name` as `catename` from `nv_novel` as `novel` inner join `nv_novel_line_category` as `cate` on `cate`.`id` = `novel`.`nove_line_cate_id` where `novel`.`id` = 354560 and `novel`.`is_finished` = 1 and `novel`.`status` = 1 limit 1
2019-05-25 16:42:48: select 
                        novelid,id   from choice_novel 
                         where choiceid=7 and status=1  order by  sort asc limit 0,10
2019-05-25 16:42:48: select `novel`.`name` as `novelname`, `novel`.`source_id` as `sourceid`, `novel`.`source_id` as `sourceid`, `novel`.`nove_line_cate_id` as `cateid`, `novel`.`id` as `novelid`, `novel`.`click_nums` as `read`, `novel`.`img` as `img`, `novel`.`summary` as `summary`, `novel`.`author` as `author`, `cate`.`name` as `catename` from `nv_novel` as `novel` inner join `nv_novel_line_category` as `cate` on `cate`.`id` = `novel`.`nove_line_cate_id` where `novel`.`id` = 349952 and `novel`.`is_finished` = 1 and `novel`.`status` = 1 limit 1
2019-05-25 16:42:48: select `novel`.`name` as `novelname`, `novel`.`source_id` as `sourceid`, `novel`.`source_id` as `sourceid`, `novel`.`nove_line_cate_id` as `cateid`, `novel`.`id` as `novelid`, `novel`.`click_nums` as `read`, `novel`.`img` as `img`, `novel`.`summary` as `summary`, `novel`.`author` as `author`, `cate`.`name` as `catename` from `nv_novel` as `novel` inner join `nv_novel_line_category` as `cate` on `cate`.`id` = `novel`.`nove_line_cate_id` where `novel`.`id` = 350720 and `novel`.`is_finished` = 1 and `novel`.`status` = 1 limit 1
2019-05-25 16:42:48: select `novel`.`name` as `novelname`, `novel`.`source_id` as `sourceid`, `novel`.`source_id` as `sourceid`, `novel`.`nove_line_cate_id` as `cateid`, `novel`.`id` as `novelid`, `novel`.`click_nums` as `read`, `novel`.`img` as `img`, `novel`.`summary` as `summary`, `novel`.`author` as `author`, `cate`.`name` as `catename` from `nv_novel` as `novel` inner join `nv_novel_line_category` as `cate` on `cate`.`id` = `novel`.`nove_line_cate_id` where `novel`.`id` = 352000 and `novel`.`is_finished` = 1 and `novel`.`status` = 1 limit 1
2019-05-25 16:42:48: select `novel`.`name` as `novelname`, `novel`.`source_id` as `sourceid`, `novel`.`source_id` as `sourceid`, `novel`.`nove_line_cate_id` as `cateid`, `novel`.`id` as `novelid`, `novel`.`click_nums` as `read`, `novel`.`img` as `img`, `novel`.`summary` as `summary`, `novel`.`author` as `author`, `cate`.`name` as `catename` from `nv_novel` as `novel` inner join `nv_novel_line_category` as `cate` on `cate`.`id` = `novel`.`nove_line_cate_id` where `novel`.`id` = 348160 and `novel`.`is_finished` = 1 and `novel`.`status` = 1 limit 1
2019-05-25 16:42:48: select `novel`.`name` as `novelname`, `novel`.`source_id` as `sourceid`, `novel`.`source_id` as `sourceid`, `novel`.`nove_line_cate_id` as `cateid`, `novel`.`id` as `novelid`, `novel`.`click_nums` as `read`, `novel`.`img` as `img`, `novel`.`summary` as `summary`, `novel`.`author` as `author`, `cate`.`name` as `catename` from `nv_novel` as `novel` inner join `nv_novel_line_category` as `cate` on `cate`.`id` = `novel`.`nove_line_cate_id` where `novel`.`id` = 349184 and `novel`.`is_finished` = 1 and `novel`.`status` = 1 limit 1
2019-05-25 16:42:48: select `novel`.`name` as `novelname`, `novel`.`source_id` as `sourceid`, `novel`.`source_id` as `sourceid`, `novel`.`nove_line_cate_id` as `cateid`, `novel`.`id` as `novelid`, `novel`.`click_nums` as `read`, `novel`.`img` as `img`, `novel`.`summary` as `summary`, `novel`.`author` as `author`, `cate`.`name` as `catename` from `nv_novel` as `novel` inner join `nv_novel_line_category` as `cate` on `cate`.`id` = `novel`.`nove_line_cate_id` where `novel`.`id` = 350976 and `novel`.`is_finished` = 1 and `novel`.`status` = 1 limit 1
2019-05-25 16:42:48: select `id`, `img`, `link` from `novel_banner` where `status` = 1 and `type` = 2 and `choiceid` = 8 order by `sort` asc
2019-05-25 16:42:48: select 
                        novelid,id   from choice_novel 
                         where choiceid=11 and status=1  order by  sort asc limit 0,10
2019-05-25 16:42:48: select `novel`.`name` as `novelname`, `novel`.`source_id` as `sourceid`, `novel`.`source_id` as `sourceid`, `novel`.`nove_line_cate_id` as `cateid`, `novel`.`id` as `novelid`, `novel`.`click_nums` as `read`, `novel`.`img` as `img`, `novel`.`summary` as `summary`, `novel`.`author` as `author`, `cate`.`name` as `catename` from `nv_novel` as `novel` inner join `nv_novel_line_category` as `cate` on `cate`.`id` = `novel`.`nove_line_cate_id` where `novel`.`id` = 348416 and `novel`.`is_finished` = 1 and `novel`.`status` = 1 limit 1
2019-05-25 16:42:48: select `novel`.`name` as `novelname`, `novel`.`source_id` as `sourceid`, `novel`.`source_id` as `sourceid`, `novel`.`nove_line_cate_id` as `cateid`, `novel`.`id` as `novelid`, `novel`.`click_nums` as `read`, `novel`.`img` as `img`, `novel`.`summary` as `summary`, `novel`.`author` as `author`, `cate`.`name` as `catename` from `nv_novel` as `novel` inner join `nv_novel_line_category` as `cate` on `cate`.`id` = `novel`.`nove_line_cate_id` where `novel`.`id` = 348928 and `novel`.`is_finished` = 1 and `novel`.`status` = 1 limit 1
2019-05-25 16:42:48: select `novel`.`name` as `novelname`, `novel`.`source_id` as `sourceid`, `novel`.`source_id` as `sourceid`, `novel`.`nove_line_cate_id` as `cateid`, `novel`.`id` as `novelid`, `novel`.`click_nums` as `read`, `novel`.`img` as `img`, `novel`.`summary` as `summary`, `novel`.`author` as `author`, `cate`.`name` as `catename` from `nv_novel` as `novel` inner join `nv_novel_line_category` as `cate` on `cate`.`id` = `novel`.`nove_line_cate_id` where `novel`.`id` = 349952 and `novel`.`is_finished` = 1 and `novel`.`status` = 1 limit 1
2019-05-25 16:42:48: select `novel`.`name` as `novelname`, `novel`.`source_id` as `sourceid`, `novel`.`source_id` as `sourceid`, `novel`.`nove_line_cate_id` as `cateid`, `novel`.`id` as `novelid`, `novel`.`click_nums` as `read`, `novel`.`img` as `img`, `novel`.`summary` as `summary`, `novel`.`author` as `author`, `cate`.`name` as `catename` from `nv_novel` as `novel` inner join `nv_novel_line_category` as `cate` on `cate`.`id` = `novel`.`nove_line_cate_id` where `novel`.`id` = 353536 and `novel`.`is_finished` = 1 and `novel`.`status` = 1 limit 1
2019-05-25 16:42:49: select 
                        novelid,id   from choice_novel 
                         where choiceid=12 and status=1  order by  sort asc limit 0,10
2019-05-25 16:42:49: select `novel`.`name` as `novelname`, `novel`.`source_id` as `sourceid`, `novel`.`source_id` as `sourceid`, `novel`.`nove_line_cate_id` as `cateid`, `novel`.`id` as `novelid`, `novel`.`click_nums` as `read`, `novel`.`img` as `img`, `novel`.`summary` as `summary`, `novel`.`author` as `author`, `cate`.`name` as `catename` from `nv_novel` as `novel` inner join `nv_novel_line_category` as `cate` on `cate`.`id` = `novel`.`nove_line_cate_id` where `novel`.`id` = 349696 and `novel`.`is_finished` = 1 and `novel`.`status` = 1 limit 1
2019-05-25 16:42:49: select `novel`.`name` as `novelname`, `novel`.`source_id` as `sourceid`, `novel`.`source_id` as `sourceid`, `novel`.`nove_line_cate_id` as `cateid`, `novel`.`id` as `novelid`, `novel`.`click_nums` as `read`, `novel`.`img` as `img`, `novel`.`summary` as `summary`, `novel`.`author` as `author`, `cate`.`name` as `catename` from `nv_novel` as `novel` inner join `nv_novel_line_category` as `cate` on `cate`.`id` = `novel`.`nove_line_cate_id` where `novel`.`id` = 352000 and `novel`.`is_finished` = 1 and `novel`.`status` = 1 limit 1
2019-05-25 16:42:49: select `novel`.`name` as `novelname`, `novel`.`source_id` as `sourceid`, `novel`.`source_id` as `sourceid`, `novel`.`nove_line_cate_id` as `cateid`, `novel`.`id` as `novelid`, `novel`.`click_nums` as `read`, `novel`.`img` as `img`, `novel`.`summary` as `summary`, `novel`.`author` as `author`, `cate`.`name` as `catename` from `nv_novel` as `novel` inner join `nv_novel_line_category` as `cate` on `cate`.`id` = `novel`.`nove_line_cate_id` where `novel`.`id` = 349952 and `novel`.`is_finished` = 1 and `novel`.`status` = 1 limit 1
2019-05-25 16:42:49: select `novel`.`name` as `novelname`, `novel`.`source_id` as `sourceid`, `novel`.`source_id` as `sourceid`, `novel`.`nove_line_cate_id` as `cateid`, `novel`.`id` as `novelid`, `novel`.`click_nums` as `read`, `novel`.`img` as `img`, `novel`.`summary` as `summary`, `novel`.`author` as `author`, `cate`.`name` as `catename` from `nv_novel` as `novel` inner join `nv_novel_line_category` as `cate` on `cate`.`id` = `novel`.`nove_line_cate_id` where `novel`.`id` = 353792 and `novel`.`is_finished` = 1 and `novel`.`status` = 1 limit 1
2019-05-25 16:42:49: select 
                        novelid,id   from choice_novel 
                         where choiceid=14 and status=1  order by  sort asc limit 0,10
