[2019-05-23 14:54:34] local.ERROR: exception 'PDOException' with message 'SQLSTATE[HY000] [2002] 由于连接方在一段时间后没有正确答复或连接的主机没有反应，连接尝试失败。
' in E:\phpStudy\PHPTutorial\WWW\132git\app_api\vendor\laravel\framework\src\Illuminate\Database\Connectors\Connector.php:55
Stack trace:
#0 E:\phpStudy\PHPTutorial\WWW\132git\app_api\vendor\laravel\framework\src\Illuminate\Database\Connectors\Connector.php(55): PDO->__construct('mysql:host=172....', 'sq_user', 'lEzk4fVg%XQ2', Array)
#1 E:\phpStudy\PHPTutorial\WWW\132git\app_api\vendor\laravel\framework\src\Illuminate\Database\Connectors\MySqlConnector.php(24): Illuminate\Database\Connectors\Connector->createConnection('mysql:host=172....', Array, Array)
#2 E:\phpStudy\PHPTutorial\WWW\132git\app_api\vendor\laravel\framework\src\Illuminate\Database\Connectors\ConnectionFactory.php(90): Illuminate\Database\Connectors\MySqlConnector->connect(Array)
#3 E:\phpStudy\PHPTutorial\WWW\132git\app_api\vendor\laravel\framework\src\Illuminate\Database\Connectors\ConnectionFactory.php(77): Illuminate\Database\Connectors\ConnectionFactory->createReadPdo(Array)
#4 E:\phpStudy\PHPTutorial\WWW\132git\app_api\vendor\laravel\framework\src\Illuminate\Database\Connectors\ConnectionFactory.php(46): Illuminate\Database\Connectors\ConnectionFactory->createReadWriteConnection(Array)
#5 E:\phpStudy\PHPTutorial\WWW\132git\app_api\vendor\laravel\framework\src\Illuminate\Database\DatabaseManager.php(176): Illuminate\Database\Connectors\ConnectionFactory->make(Array, 'mysql')
#6 E:\phpStudy\PHPTutorial\WWW\132git\app_api\vendor\laravel\framework\src\Illuminate\Database\DatabaseManager.php(68): Illuminate\Database\DatabaseManager->makeConnection('mysql')
#7 E:\phpStudy\PHPTutorial\WWW\132git\app_api\vendor\laravel\framework\src\Illuminate\Database\DatabaseManager.php(317): Illuminate\Database\DatabaseManager->connection()
#8 E:\phpStudy\PHPTutorial\WWW\132git\app_api\vendor\laravel\framework\src\Illuminate\Support\Facades\Facade.php(217): Illuminate\Database\DatabaseManager->__call('listen', Array)
#9 E:\phpStudy\PHPTutorial\WWW\132git\app_api\vendor\laravel\framework\src\Illuminate\Support\Facades\Facade.php(217): Illuminate\Database\DatabaseManager->listen(Object(Closure))
#10 E:\phpStudy\PHPTutorial\WWW\132git\app_api\app\Providers\AppServiceProvider.php(46): Illuminate\Support\Facades\Facade::__callStatic('listen', Array)
#11 E:\phpStudy\PHPTutorial\WWW\132git\app_api\app\Providers\AppServiceProvider.php(46): Illuminate\Support\Facades\DB::listen(Object(Closure))
#12 [internal function]: App\Providers\AppServiceProvider->boot()
#13 E:\phpStudy\PHPTutorial\WWW\132git\app_api\vendor\laravel\framework\src\Illuminate\Container\Container.php(507): call_user_func_array(Array, Array)
#14 E:\phpStudy\PHPTutorial\WWW\132git\app_api\vendor\laravel\framework\src\Illuminate\Foundation\Application.php(759): Illuminate\Container\Container->call(Array)
#15 E:\phpStudy\PHPTutorial\WWW\132git\app_api\vendor\laravel\framework\src\Illuminate\Foundation\Application.php(742): Illuminate\Foundation\Application->bootProvider(Object(App\Providers\AppServiceProvider))
#16 [internal function]: Illuminate\Foundation\Application->Illuminate\Foundation\{closure}(Object(App\Providers\AppServiceProvider), 11)
#17 E:\phpStudy\PHPTutorial\WWW\132git\app_api\vendor\laravel\framework\src\Illuminate\Foundation\Application.php(743): array_walk(Array, Object(Closure))
#18 E:\phpStudy\PHPTutorial\WWW\132git\app_api\vendor\laravel\framework\src\Illuminate\Foundation\Bootstrap\BootProviders.php(17): Illuminate\Foundation\Application->boot()
#19 E:\phpStudy\PHPTutorial\WWW\132git\app_api\vendor\laravel\framework\src\Illuminate\Foundation\Application.php(203): Illuminate\Foundation\Bootstrap\BootProviders->bootstrap(Object(Illuminate\Foundation\Application))
#20 E:\phpStudy\PHPTutorial\WWW\132git\app_api\vendor\laravel\framework\src\Illuminate\Foundation\Http\Kernel.php(232): Illuminate\Foundation\Application->bootstrapWith(Array)
#21 E:\phpStudy\PHPTutorial\WWW\132git\app_api\vendor\laravel\framework\src\Illuminate\Foundation\Http\Kernel.php(127): Illuminate\Foundation\Http\Kernel->bootstrap()
#22 E:\phpStudy\PHPTutorial\WWW\132git\app_api\vendor\laravel\framework\src\Illuminate\Foundation\Http\Kernel.php(99): Illuminate\Foundation\Http\Kernel->sendRequestThroughRouter(Object(Illuminate\Http\Request))
#23 E:\phpStudy\PHPTutorial\WWW\132git\app_api\public\index.php(53): Illuminate\Foundation\Http\Kernel->handle(Object(Illuminate\Http\Request))
#24 {main}  
[2019-05-23 14:55:23] local.ERROR: exception 'ErrorException' with message 'Creating default object from empty value' in E:\phpStudy\PHPTutorial\WWW\132git\app_api\app\Http\Controllers\Api\NovelController.php:1438
Stack trace:
#0 E:\phpStudy\PHPTutorial\WWW\132git\app_api\app\Http\Controllers\Api\NovelController.php(1438): Illuminate\Foundation\Bootstrap\HandleExceptions->handleError(2, 'Creating defaul...', 'E:\\phpStudy\\PHP...', 1438, Array)
#1 [internal function]: App\Http\Controllers\Api\NovelController->postBookStore(Object(Illuminate\Http\Request))
#2 E:\phpStudy\PHPTutorial\WWW\132git\app_api\vendor\laravel\framework\src\Illuminate\Routing\Controller.php(80): call_user_func_array(Array, Array)
#3 E:\phpStudy\PHPTutorial\WWW\132git\app_api\vendor\laravel\framework\src\Illuminate\Routing\ControllerDispatcher.php(146): Illuminate\Routing\Controller->callAction('postBookStore', Array)
#4 E:\phpStudy\PHPTutorial\WWW\132git\app_api\vendor\laravel\framework\src\Illuminate\Routing\ControllerDispatcher.php(94): Illuminate\Routing\ControllerDispatcher->call(Object(App\Http\Controllers\Api\NovelController), Object(Illuminate\Routing\Route), 'postBookStore')
#5 [internal function]: Illuminate\Routing\ControllerDispatcher->Illuminate\Routing\{closure}(Object(Illuminate\Http\Request))
#6 E:\phpStudy\PHPTutorial\WWW\132git\app_api\vendor\laravel\framework\src\Illuminate\Routing\Pipeline.php(52): call_user_func(Object(Closure), Object(Illuminate\Http\Request))
#7 [internal function]: Illuminate\Routing\Pipeline->Illuminate\Routing\{closure}(Object(Illuminate\Http\Request))
#8 E:\phpStudy\PHPTutorial\WWW\132git\app_api\vendor\laravel\framework\src\Illuminate\Pipeline\Pipeline.php(103): call_user_func(Object(Closure), Object(Illuminate\Http\Request))
#9 E:\phpStudy\PHPTutorial\WWW\132git\app_api\vendor\laravel\framework\src\Illuminate\Routing\ControllerDispatcher.php(96): Illuminate\Pipeline\Pipeline->then(Object(Closure))
#10 E:\phpStudy\PHPTutorial\WWW\132git\app_api\vendor\laravel\framework\src\Illuminate\Routing\ControllerDispatcher.php(54): Illuminate\Routing\ControllerDispatcher->callWithinStack(Object(App\Http\Controllers\Api\NovelController), Object(Illuminate\Routing\Route), Object(Illuminate\Http\Request), 'postBookStore')
#11 E:\phpStudy\PHPTutorial\WWW\132git\app_api\vendor\laravel\framework\src\Illuminate\Routing\Route.php(174): Illuminate\Routing\ControllerDispatcher->dispatch(Object(Illuminate\Routing\Route), Object(Illuminate\Http\Request), 'App\\Http\\Contro...', 'postBookStore')
#12 E:\phpStudy\PHPTutorial\WWW\132git\app_api\vendor\laravel\framework\src\Illuminate\Routing\Route.php(140): Illuminate\Routing\Route->runController(Object(Illuminate\Http\Request))
#13 E:\phpStudy\PHPTutorial\WWW\132git\app_api\vendor\laravel\framework\src\Illuminate\Routing\Router.php(724): Illuminate\Routing\Route->run(Object(Illuminate\Http\Request))
#14 [internal function]: Illuminate\Routing\Router->Illuminate\Routing\{closure}(Object(Illuminate\Http\Request))
#15 E:\phpStudy\PHPTutorial\WWW\132git\app_api\vendor\laravel\framework\src\Illuminate\Routing\Pipeline.php(52): call_user_func(Object(Closure), Object(Illuminate\Http\Request))
#16 E:\phpStudy\PHPTutorial\WWW\132git\app_api\vendor\laravel\framework\src\Illuminate\Routing\Middleware\ThrottleRequests.php(48): Illuminate\Routing\Pipeline->Illuminate\Routing\{closure}(Object(Illuminate\Http\Request))
#17 [internal function]: Illuminate\Routing\Middleware\ThrottleRequests->handle(Object(Illuminate\Http\Request), Object(Closure), '50000', '1')
#18 E:\phpStudy\PHPTutorial\WWW\132git\app_api\vendor\laravel\framework\src\Illuminate\Pipeline\Pipeline.php(136): call_user_func_array(Array, Array)
#19 [internal function]: Illuminate\Pipeline\Pipeline->Illuminate\Pipeline\{closure}(Object(Illuminate\Http\Request))
#20 E:\phpStudy\PHPTutorial\WWW\132git\app_api\vendor\laravel\framework\src\Illuminate\Routing\Pipeline.php(32): call_user_func(Object(Closure), Object(Illuminate\Http\Request))
#21 [internal function]: Illuminate\Routing\Pipeline->Illuminate\Routing\{closure}(Object(Illuminate\Http\Request))
#22 E:\phpStudy\PHPTutorial\WWW\132git\app_api\vendor\laravel\framework\src\Illuminate\Pipeline\Pipeline.php(103): call_user_func(Object(Closure), Object(Illuminate\Http\Request))
#23 E:\phpStudy\PHPTutorial\WWW\132git\app_api\vendor\laravel\framework\src\Illuminate\Routing\Router.php(726): Illuminate\Pipeline\Pipeline->then(Object(Closure))
#24 E:\phpStudy\PHPTutorial\WWW\132git\app_api\vendor\laravel\framework\src\Illuminate\Routing\Router.php(699): Illuminate\Routing\Router->runRouteWithinStack(Object(Illuminate\Routing\Route), Object(Illuminate\Http\Request))
#25 E:\phpStudy\PHPTutorial\WWW\132git\app_api\vendor\laravel\framework\src\Illuminate\Routing\Router.php(675): Illuminate\Routing\Router->dispatchToRoute(Object(Illuminate\Http\Request))
#26 E:\phpStudy\PHPTutorial\WWW\132git\app_api\vendor\laravel\framework\src\Illuminate\Foundation\Http\Kernel.php(246): Illuminate\Routing\Router->dispatch(Object(Illuminate\Http\Request))
#27 [internal function]: Illuminate\Foundation\Http\Kernel->Illuminate\Foundation\Http\{closure}(Object(Illuminate\Http\Request))
#28 E:\phpStudy\PHPTutorial\WWW\132git\app_api\vendor\laravel\framework\src\Illuminate\Routing\Pipeline.php(52): call_user_func(Object(Closure), Object(Illuminate\Http\Request))
#29 E:\phpStudy\PHPTutorial\WWW\132git\app_api\vendor\laravel\framework\src\Illuminate\Foundation\Http\Middleware\CheckForMaintenanceMode.php(44): Illuminate\Routing\Pipeline->Illuminate\Routing\{closure}(Object(Illuminate\Http\Request))
#30 [internal function]: Illuminate\Foundation\Http\Middleware\CheckForMaintenanceMode->handle(Object(Illuminate\Http\Request), Object(Closure))
#31 E:\phpStudy\PHPTutorial\WWW\132git\app_api\vendor\laravel\framework\src\Illuminate\Pipeline\Pipeline.php(136): call_user_func_array(Array, Array)
#32 [internal function]: Illuminate\Pipeline\Pipeline->Illuminate\Pipeline\{closure}(Object(Illuminate\Http\Request))
#33 E:\phpStudy\PHPTutorial\WWW\132git\app_api\vendor\laravel\framework\src\Illuminate\Routing\Pipeline.php(32): call_user_func(Object(Closure), Object(Illuminate\Http\Request))
#34 [internal function]: Illuminate\Routing\Pipeline->Illuminate\Routing\{closure}(Object(Illuminate\Http\Request))
#35 E:\phpStudy\PHPTutorial\WWW\132git\app_api\vendor\laravel\framework\src\Illuminate\Pipeline\Pipeline.php(103): call_user_func(Object(Closure), Object(Illuminate\Http\Request))
#36 E:\phpStudy\PHPTutorial\WWW\132git\app_api\vendor\laravel\framework\src\Illuminate\Foundation\Http\Kernel.php(132): Illuminate\Pipeline\Pipeline->then(Object(Closure))
#37 E:\phpStudy\PHPTutorial\WWW\132git\app_api\vendor\laravel\framework\src\Illuminate\Foundation\Http\Kernel.php(99): Illuminate\Foundation\Http\Kernel->sendRequestThroughRouter(Object(Illuminate\Http\Request))
#38 E:\phpStudy\PHPTutorial\WWW\132git\app_api\public\index.php(53): Illuminate\Foundation\Http\Kernel->handle(Object(Illuminate\Http\Request))
#39 {main}  
[2019-05-23 14:56:33] local.ERROR: exception 'ErrorException' with message 'Attempt to assign property of non-object' in E:\phpStudy\PHPTutorial\WWW\132git\app_api\app\Http\Controllers\Api\NovelController.php:1439
Stack trace:
#0 E:\phpStudy\PHPTutorial\WWW\132git\app_api\app\Http\Controllers\Api\NovelController.php(1439): Illuminate\Foundation\Bootstrap\HandleExceptions->handleError(2, 'Attempt to assi...', 'E:\\phpStudy\\PHP...', 1439, Array)
#1 [internal function]: App\Http\Controllers\Api\NovelController->postBookStore(Object(Illuminate\Http\Request))
#2 E:\phpStudy\PHPTutorial\WWW\132git\app_api\vendor\laravel\framework\src\Illuminate\Routing\Controller.php(80): call_user_func_array(Array, Array)
#3 E:\phpStudy\PHPTutorial\WWW\132git\app_api\vendor\laravel\framework\src\Illuminate\Routing\ControllerDispatcher.php(146): Illuminate\Routing\Controller->callAction('postBookStore', Array)
#4 E:\phpStudy\PHPTutorial\WWW\132git\app_api\vendor\laravel\framework\src\Illuminate\Routing\ControllerDispatcher.php(94): Illuminate\Routing\ControllerDispatcher->call(Object(App\Http\Controllers\Api\NovelController), Object(Illuminate\Routing\Route), 'postBookStore')
#5 [internal function]: Illuminate\Routing\ControllerDispatcher->Illuminate\Routing\{closure}(Object(Illuminate\Http\Request))
#6 E:\phpStudy\PHPTutorial\WWW\132git\app_api\vendor\laravel\framework\src\Illuminate\Routing\Pipeline.php(52): call_user_func(Object(Closure), Object(Illuminate\Http\Request))
#7 [internal function]: Illuminate\Routing\Pipeline->Illuminate\Routing\{closure}(Object(Illuminate\Http\Request))
#8 E:\phpStudy\PHPTutorial\WWW\132git\app_api\vendor\laravel\framework\src\Illuminate\Pipeline\Pipeline.php(103): call_user_func(Object(Closure), Object(Illuminate\Http\Request))
#9 E:\phpStudy\PHPTutorial\WWW\132git\app_api\vendor\laravel\framework\src\Illuminate\Routing\ControllerDispatcher.php(96): Illuminate\Pipeline\Pipeline->then(Object(Closure))
#10 E:\phpStudy\PHPTutorial\WWW\132git\app_api\vendor\laravel\framework\src\Illuminate\Routing\ControllerDispatcher.php(54): Illuminate\Routing\ControllerDispatcher->callWithinStack(Object(App\Http\Controllers\Api\NovelController), Object(Illuminate\Routing\Route), Object(Illuminate\Http\Request), 'postBookStore')
#11 E:\phpStudy\PHPTutorial\WWW\132git\app_api\vendor\laravel\framework\src\Illuminate\Routing\Route.php(174): Illuminate\Routing\ControllerDispatcher->dispatch(Object(Illuminate\Routing\Route), Object(Illuminate\Http\Request), 'App\\Http\\Contro...', 'postBookStore')
#12 E:\phpStudy\PHPTutorial\WWW\132git\app_api\vendor\laravel\framework\src\Illuminate\Routing\Route.php(140): Illuminate\Routing\Route->runController(Object(Illuminate\Http\Request))
#13 E:\phpStudy\PHPTutorial\WWW\132git\app_api\vendor\laravel\framework\src\Illuminate\Routing\Router.php(724): Illuminate\Routing\Route->run(Object(Illuminate\Http\Request))
#14 [internal function]: Illuminate\Routing\Router->Illuminate\Routing\{closure}(Object(Illuminate\Http\Request))
#15 E:\phpStudy\PHPTutorial\WWW\132git\app_api\vendor\laravel\framework\src\Illuminate\Routing\Pipeline.php(52): call_user_func(Object(Closure), Object(Illuminate\Http\Request))
#16 E:\phpStudy\PHPTutorial\WWW\132git\app_api\vendor\laravel\framework\src\Illuminate\Routing\Middleware\ThrottleRequests.php(48): Illuminate\Routing\Pipeline->Illuminate\Routing\{closure}(Object(Illuminate\Http\Request))
#17 [internal function]: Illuminate\Routing\Middleware\ThrottleRequests->handle(Object(Illuminate\Http\Request), Object(Closure), '50000', '1')
#18 E:\phpStudy\PHPTutorial\WWW\132git\app_api\vendor\laravel\framework\src\Illuminate\Pipeline\Pipeline.php(136): call_user_func_array(Array, Array)
#19 [internal function]: Illuminate\Pipeline\Pipeline->Illuminate\Pipeline\{closure}(Object(Illuminate\Http\Request))
#20 E:\phpStudy\PHPTutorial\WWW\132git\app_api\vendor\laravel\framework\src\Illuminate\Routing\Pipeline.php(32): call_user_func(Object(Closure), Object(Illuminate\Http\Request))
#21 [internal function]: Illuminate\Routing\Pipeline->Illuminate\Routing\{closure}(Object(Illuminate\Http\Request))
#22 E:\phpStudy\PHPTutorial\WWW\132git\app_api\vendor\laravel\framework\src\Illuminate\Pipeline\Pipeline.php(103): call_user_func(Object(Closure), Object(Illuminate\Http\Request))
#23 E:\phpStudy\PHPTutorial\WWW\132git\app_api\vendor\laravel\framework\src\Illuminate\Routing\Router.php(726): Illuminate\Pipeline\Pipeline->then(Object(Closure))
#24 E:\phpStudy\PHPTutorial\WWW\132git\app_api\vendor\laravel\framework\src\Illuminate\Routing\Router.php(699): Illuminate\Routing\Router->runRouteWithinStack(Object(Illuminate\Routing\Route), Object(Illuminate\Http\Request))
#25 E:\phpStudy\PHPTutorial\WWW\132git\app_api\vendor\laravel\framework\src\Illuminate\Routing\Router.php(675): Illuminate\Routing\Router->dispatchToRoute(Object(Illuminate\Http\Request))
#26 E:\phpStudy\PHPTutorial\WWW\132git\app_api\vendor\laravel\framework\src\Illuminate\Foundation\Http\Kernel.php(246): Illuminate\Routing\Router->dispatch(Object(Illuminate\Http\Request))
#27 [internal function]: Illuminate\Foundation\Http\Kernel->Illuminate\Foundation\Http\{closure}(Object(Illuminate\Http\Request))
#28 E:\phpStudy\PHPTutorial\WWW\132git\app_api\vendor\laravel\framework\src\Illuminate\Routing\Pipeline.php(52): call_user_func(Object(Closure), Object(Illuminate\Http\Request))
#29 E:\phpStudy\PHPTutorial\WWW\132git\app_api\vendor\laravel\framework\src\Illuminate\Foundation\Http\Middleware\CheckForMaintenanceMode.php(44): Illuminate\Routing\Pipeline->Illuminate\Routing\{closure}(Object(Illuminate\Http\Request))
#30 [internal function]: Illuminate\Foundation\Http\Middleware\CheckForMaintenanceMode->handle(Object(Illuminate\Http\Request), Object(Closure))
#31 E:\phpStudy\PHPTutorial\WWW\132git\app_api\vendor\laravel\framework\src\Illuminate\Pipeline\Pipeline.php(136): call_user_func_array(Array, Array)
#32 [internal function]: Illuminate\Pipeline\Pipeline->Illuminate\Pipeline\{closure}(Object(Illuminate\Http\Request))
#33 E:\phpStudy\PHPTutorial\WWW\132git\app_api\vendor\laravel\framework\src\Illuminate\Routing\Pipeline.php(32): call_user_func(Object(Closure), Object(Illuminate\Http\Request))
#34 [internal function]: Illuminate\Routing\Pipeline->Illuminate\Routing\{closure}(Object(Illuminate\Http\Request))
#35 E:\phpStudy\PHPTutorial\WWW\132git\app_api\vendor\laravel\framework\src\Illuminate\Pipeline\Pipeline.php(103): call_user_func(Object(Closure), Object(Illuminate\Http\Request))
#36 E:\phpStudy\PHPTutorial\WWW\132git\app_api\vendor\laravel\framework\src\Illuminate\Foundation\Http\Kernel.php(132): Illuminate\Pipeline\Pipeline->then(Object(Closure))
#37 E:\phpStudy\PHPTutorial\WWW\132git\app_api\vendor\laravel\framework\src\Illuminate\Foundation\Http\Kernel.php(99): Illuminate\Foundation\Http\Kernel->sendRequestThroughRouter(Object(Illuminate\Http\Request))
#38 E:\phpStudy\PHPTutorial\WWW\132git\app_api\public\index.php(53): Illuminate\Foundation\Http\Kernel->handle(Object(Illuminate\Http\Request))
#39 {main}  
[2019-05-23 17:49:31] local.ERROR: exception 'PDOException' with message 'SQLSTATE[HY000] [2002] 由于连接方在一段时间后没有正确答复或连接的主机没有反应，连接尝试失败。
' in E:\phpStudy\PHPTutorial\WWW\132git\app_api\vendor\laravel\framework\src\Illuminate\Database\Connectors\Connector.php:55
Stack trace:
#0 E:\phpStudy\PHPTutorial\WWW\132git\app_api\vendor\laravel\framework\src\Illuminate\Database\Connectors\Connector.php(55): PDO->__construct('mysql:host=172....', 'sq_user', 'lEzk4fVg%XQ2', Array)
#1 E:\phpStudy\PHPTutorial\WWW\132git\app_api\vendor\laravel\framework\src\Illuminate\Database\Connectors\MySqlConnector.php(24): Illuminate\Database\Connectors\Connector->createConnection('mysql:host=172....', Array, Array)
#2 E:\phpStudy\PHPTutorial\WWW\132git\app_api\vendor\laravel\framework\src\Illuminate\Database\Connectors\ConnectionFactory.php(90): Illuminate\Database\Connectors\MySqlConnector->connect(Array)
#3 E:\phpStudy\PHPTutorial\WWW\132git\app_api\vendor\laravel\framework\src\Illuminate\Database\Connectors\ConnectionFactory.php(77): Illuminate\Database\Connectors\ConnectionFactory->createReadPdo(Array)
#4 E:\phpStudy\PHPTutorial\WWW\132git\app_api\vendor\laravel\framework\src\Illuminate\Database\Connectors\ConnectionFactory.php(46): Illuminate\Database\Connectors\ConnectionFactory->createReadWriteConnection(Array)
#5 E:\phpStudy\PHPTutorial\WWW\132git\app_api\vendor\laravel\framework\src\Illuminate\Database\DatabaseManager.php(176): Illuminate\Database\Connectors\ConnectionFactory->make(Array, 'mysql')
#6 E:\phpStudy\PHPTutorial\WWW\132git\app_api\vendor\laravel\framework\src\Illuminate\Database\DatabaseManager.php(68): Illuminate\Database\DatabaseManager->makeConnection('mysql')
#7 E:\phpStudy\PHPTutorial\WWW\132git\app_api\vendor\laravel\framework\src\Illuminate\Database\DatabaseManager.php(317): Illuminate\Database\DatabaseManager->connection()
#8 E:\phpStudy\PHPTutorial\WWW\132git\app_api\vendor\laravel\framework\src\Illuminate\Support\Facades\Facade.php(217): Illuminate\Database\DatabaseManager->__call('listen', Array)
#9 E:\phpStudy\PHPTutorial\WWW\132git\app_api\vendor\laravel\framework\src\Illuminate\Support\Facades\Facade.php(217): Illuminate\Database\DatabaseManager->listen(Object(Closure))
#10 E:\phpStudy\PHPTutorial\WWW\132git\app_api\app\Providers\AppServiceProvider.php(46): Illuminate\Support\Facades\Facade::__callStatic('listen', Array)
#11 E:\phpStudy\PHPTutorial\WWW\132git\app_api\app\Providers\AppServiceProvider.php(46): Illuminate\Support\Facades\DB::listen(Object(Closure))
#12 [internal function]: App\Providers\AppServiceProvider->boot()
#13 E:\phpStudy\PHPTutorial\WWW\132git\app_api\vendor\laravel\framework\src\Illuminate\Container\Container.php(507): call_user_func_array(Array, Array)
#14 E:\phpStudy\PHPTutorial\WWW\132git\app_api\vendor\laravel\framework\src\Illuminate\Foundation\Application.php(759): Illuminate\Container\Container->call(Array)
#15 E:\phpStudy\PHPTutorial\WWW\132git\app_api\vendor\laravel\framework\src\Illuminate\Foundation\Application.php(742): Illuminate\Foundation\Application->bootProvider(Object(App\Providers\AppServiceProvider))
#16 [internal function]: Illuminate\Foundation\Application->Illuminate\Foundation\{closure}(Object(App\Providers\AppServiceProvider), 11)
#17 E:\phpStudy\PHPTutorial\WWW\132git\app_api\vendor\laravel\framework\src\Illuminate\Foundation\Application.php(743): array_walk(Array, Object(Closure))
#18 E:\phpStudy\PHPTutorial\WWW\132git\app_api\vendor\laravel\framework\src\Illuminate\Foundation\Bootstrap\BootProviders.php(17): Illuminate\Foundation\Application->boot()
#19 E:\phpStudy\PHPTutorial\WWW\132git\app_api\vendor\laravel\framework\src\Illuminate\Foundation\Application.php(203): Illuminate\Foundation\Bootstrap\BootProviders->bootstrap(Object(Illuminate\Foundation\Application))
#20 E:\phpStudy\PHPTutorial\WWW\132git\app_api\vendor\laravel\framework\src\Illuminate\Foundation\Http\Kernel.php(232): Illuminate\Foundation\Application->bootstrapWith(Array)
#21 E:\phpStudy\PHPTutorial\WWW\132git\app_api\vendor\laravel\framework\src\Illuminate\Foundation\Http\Kernel.php(127): Illuminate\Foundation\Http\Kernel->bootstrap()
#22 E:\phpStudy\PHPTutorial\WWW\132git\app_api\vendor\laravel\framework\src\Illuminate\Foundation\Http\Kernel.php(99): Illuminate\Foundation\Http\Kernel->sendRequestThroughRouter(Object(Illuminate\Http\Request))
#23 E:\phpStudy\PHPTutorial\WWW\132git\app_api\public\index.php(53): Illuminate\Foundation\Http\Kernel->handle(Object(Illuminate\Http\Request))
#24 {main}  
[2019-05-24 15:53:05] local.ERROR: exception 'PDOException' with message 'SQLSTATE[HY000] [2002] 由于连接方在一段时间后没有正确答复或连接的主机没有反应，连接尝试失败。
' in E:\phpStudy\PHPTutorial\WWW\132git\app_api\vendor\laravel\framework\src\Illuminate\Database\Connectors\Connector.php:55
Stack trace:
#0 E:\phpStudy\PHPTutorial\WWW\132git\app_api\vendor\laravel\framework\src\Illuminate\Database\Connectors\Connector.php(55): PDO->__construct('mysql:host=172....', 'sq_user', 'lEzk4fVg%XQ2', Array)
#1 E:\phpStudy\PHPTutorial\WWW\132git\app_api\vendor\laravel\framework\src\Illuminate\Database\Connectors\MySqlConnector.php(24): Illuminate\Database\Connectors\Connector->createConnection('mysql:host=172....', Array, Array)
#2 E:\phpStudy\PHPTutorial\WWW\132git\app_api\vendor\laravel\framework\src\Illuminate\Database\Connectors\ConnectionFactory.php(90): Illuminate\Database\Connectors\MySqlConnector->connect(Array)
#3 E:\phpStudy\PHPTutorial\WWW\132git\app_api\vendor\laravel\framework\src\Illuminate\Database\Connectors\ConnectionFactory.php(77): Illuminate\Database\Connectors\ConnectionFactory->createReadPdo(Array)
#4 E:\phpStudy\PHPTutorial\WWW\132git\app_api\vendor\laravel\framework\src\Illuminate\Database\Connectors\ConnectionFactory.php(46): Illuminate\Database\Connectors\ConnectionFactory->createReadWriteConnection(Array)
#5 E:\phpStudy\PHPTutorial\WWW\132git\app_api\vendor\laravel\framework\src\Illuminate\Database\DatabaseManager.php(176): Illuminate\Database\Connectors\ConnectionFactory->make(Array, 'mysql')
#6 E:\phpStudy\PHPTutorial\WWW\132git\app_api\vendor\laravel\framework\src\Illuminate\Database\DatabaseManager.php(68): Illuminate\Database\DatabaseManager->makeConnection('mysql')
#7 E:\phpStudy\PHPTutorial\WWW\132git\app_api\vendor\laravel\framework\src\Illuminate\Database\DatabaseManager.php(317): Illuminate\Database\DatabaseManager->connection()
#8 E:\phpStudy\PHPTutorial\WWW\132git\app_api\vendor\laravel\framework\src\Illuminate\Support\Facades\Facade.php(217): Illuminate\Database\DatabaseManager->__call('listen', Array)
#9 E:\phpStudy\PHPTutorial\WWW\132git\app_api\vendor\laravel\framework\src\Illuminate\Support\Facades\Facade.php(217): Illuminate\Database\DatabaseManager->listen(Object(Closure))
#10 E:\phpStudy\PHPTutorial\WWW\132git\app_api\app\Providers\AppServiceProvider.php(46): Illuminate\Support\Facades\Facade::__callStatic('listen', Array)
#11 E:\phpStudy\PHPTutorial\WWW\132git\app_api\app\Providers\AppServiceProvider.php(46): Illuminate\Support\Facades\DB::listen(Object(Closure))
#12 [internal function]: App\Providers\AppServiceProvider->boot()
#13 E:\phpStudy\PHPTutorial\WWW\132git\app_api\vendor\laravel\framework\src\Illuminate\Container\Container.php(507): call_user_func_array(Array, Array)
#14 E:\phpStudy\PHPTutorial\WWW\132git\app_api\vendor\laravel\framework\src\Illuminate\Foundation\Application.php(759): Illuminate\Container\Container->call(Array)
#15 E:\phpStudy\PHPTutorial\WWW\132git\app_api\vendor\laravel\framework\src\Illuminate\Foundation\Application.php(742): Illuminate\Foundation\Application->bootProvider(Object(App\Providers\AppServiceProvider))
#16 [internal function]: Illuminate\Foundation\Application->Illuminate\Foundation\{closure}(Object(App\Providers\AppServiceProvider), 11)
#17 E:\phpStudy\PHPTutorial\WWW\132git\app_api\vendor\laravel\framework\src\Illuminate\Foundation\Application.php(743): array_walk(Array, Object(Closure))
#18 E:\phpStudy\PHPTutorial\WWW\132git\app_api\vendor\laravel\framework\src\Illuminate\Foundation\Bootstrap\BootProviders.php(17): Illuminate\Foundation\Application->boot()
#19 E:\phpStudy\PHPTutorial\WWW\132git\app_api\vendor\laravel\framework\src\Illuminate\Foundation\Application.php(203): Illuminate\Foundation\Bootstrap\BootProviders->bootstrap(Object(Illuminate\Foundation\Application))
#20 E:\phpStudy\PHPTutorial\WWW\132git\app_api\vendor\laravel\framework\src\Illuminate\Foundation\Http\Kernel.php(232): Illuminate\Foundation\Application->bootstrapWith(Array)
#21 E:\phpStudy\PHPTutorial\WWW\132git\app_api\vendor\laravel\framework\src\Illuminate\Foundation\Http\Kernel.php(127): Illuminate\Foundation\Http\Kernel->bootstrap()
#22 E:\phpStudy\PHPTutorial\WWW\132git\app_api\vendor\laravel\framework\src\Illuminate\Foundation\Http\Kernel.php(99): Illuminate\Foundation\Http\Kernel->sendRequestThroughRouter(Object(Illuminate\Http\Request))
#23 E:\phpStudy\PHPTutorial\WWW\132git\app_api\public\index.php(53): Illuminate\Foundation\Http\Kernel->handle(Object(Illuminate\Http\Request))
#24 {main}  
[2019-05-27 18:20:12] local.ERROR: exception 'PDOException' with message 'SQLSTATE[42000]: Syntax error or access violation: 1064 You have an error in your SQL syntax; check the manual that corresponds to your MySQL server version for the right syntax to use near ') and novelid>0 and channel=8 and addtime='2019-05-27'' at line 1' in E:\phpStudy\PHPTutorial\WWW\132git\app_api\vendor\laravel\framework\src\Illuminate\Database\Connection.php:333
Stack trace:
#0 E:\phpStudy\PHPTutorial\WWW\132git\app_api\vendor\laravel\framework\src\Illuminate\Database\Connection.php(333): PDO->prepare('select count(di...')
#1 E:\phpStudy\PHPTutorial\WWW\132git\app_api\vendor\laravel\framework\src\Illuminate\Database\Connection.php(718): Illuminate\Database\Connection->Illuminate\Database\{closure}(Object(Illuminate\Database\MySqlConnection), 'select count(di...', Array)
#2 E:\phpStudy\PHPTutorial\WWW\132git\app_api\vendor\laravel\framework\src\Illuminate\Database\Connection.php(681): Illuminate\Database\Connection->runQueryCallback('select count(di...', Array, Object(Closure))
#3 E:\phpStudy\PHPTutorial\WWW\132git\app_api\vendor\laravel\framework\src\Illuminate\Database\Connection.php(347): Illuminate\Database\Connection->run('select count(di...', Array, Object(Closure))
#4 E:\phpStudy\PHPTutorial\WWW\132git\app_api\vendor\laravel\framework\src\Illuminate\Database\Connection.php(298): Illuminate\Database\Connection->select('select count(di...', Array)
#5 [internal function]: Illuminate\Database\Connection->selectOne('select count(di...')
#6 E:\phpStudy\PHPTutorial\WWW\132git\app_api\vendor\laravel\framework\src\Illuminate\Database\DatabaseManager.php(317): call_user_func_array(Array, Array)
#7 E:\phpStudy\PHPTutorial\WWW\132git\app_api\vendor\laravel\framework\src\Illuminate\Support\Facades\Facade.php(217): Illuminate\Database\DatabaseManager->__call('selectone', Array)
#8 E:\phpStudy\PHPTutorial\WWW\132git\app_api\vendor\laravel\framework\src\Illuminate\Support\Facades\Facade.php(217): Illuminate\Database\DatabaseManager->selectone('select count(di...')
#9 E:\phpStudy\PHPTutorial\WWW\132git\app_api\app\Http\Controllers\Api\NovelController.php(4188): Illuminate\Support\Facades\Facade::__callStatic('selectone', Array)
#10 E:\phpStudy\PHPTutorial\WWW\132git\app_api\app\Http\Controllers\Api\NovelController.php(4188): Illuminate\Support\Facades\DB::selectone('select count(di...')
#11 [internal function]: App\Http\Controllers\Api\NovelController->postGetEachHourData(Object(Illuminate\Http\Request))
#12 E:\phpStudy\PHPTutorial\WWW\132git\app_api\vendor\laravel\framework\src\Illuminate\Routing\Controller.php(80): call_user_func_array(Array, Array)
#13 E:\phpStudy\PHPTutorial\WWW\132git\app_api\vendor\laravel\framework\src\Illuminate\Routing\ControllerDispatcher.php(146): Illuminate\Routing\Controller->callAction('postGetEachHour...', Array)
#14 E:\phpStudy\PHPTutorial\WWW\132git\app_api\vendor\laravel\framework\src\Illuminate\Routing\ControllerDispatcher.php(94): Illuminate\Routing\ControllerDispatcher->call(Object(App\Http\Controllers\Api\NovelController), Object(Illuminate\Routing\Route), 'postGetEachHour...')
#15 [internal function]: Illuminate\Routing\ControllerDispatcher->Illuminate\Routing\{closure}(Object(Illuminate\Http\Request))
#16 E:\phpStudy\PHPTutorial\WWW\132git\app_api\vendor\laravel\framework\src\Illuminate\Routing\Pipeline.php(52): call_user_func(Object(Closure), Object(Illuminate\Http\Request))
#17 [internal function]: Illuminate\Routing\Pipeline->Illuminate\Routing\{closure}(Object(Illuminate\Http\Request))
#18 E:\phpStudy\PHPTutorial\WWW\132git\app_api\vendor\laravel\framework\src\Illuminate\Pipeline\Pipeline.php(103): call_user_func(Object(Closure), Object(Illuminate\Http\Request))
#19 E:\phpStudy\PHPTutorial\WWW\132git\app_api\vendor\laravel\framework\src\Illuminate\Routing\ControllerDispatcher.php(96): Illuminate\Pipeline\Pipeline->then(Object(Closure))
#20 E:\phpStudy\PHPTutorial\WWW\132git\app_api\vendor\laravel\framework\src\Illuminate\Routing\ControllerDispatcher.php(54): Illuminate\Routing\ControllerDispatcher->callWithinStack(Object(App\Http\Controllers\Api\NovelController), Object(Illuminate\Routing\Route), Object(Illuminate\Http\Request), 'postGetEachHour...')
#21 E:\phpStudy\PHPTutorial\WWW\132git\app_api\vendor\laravel\framework\src\Illuminate\Routing\Route.php(174): Illuminate\Routing\ControllerDispatcher->dispatch(Object(Illuminate\Routing\Route), Object(Illuminate\Http\Request), 'App\\Http\\Contro...', 'postGetEachHour...')
#22 E:\phpStudy\PHPTutorial\WWW\132git\app_api\vendor\laravel\framework\src\Illuminate\Routing\Route.php(140): Illuminate\Routing\Route->runController(Object(Illuminate\Http\Request))
#23 E:\phpStudy\PHPTutorial\WWW\132git\app_api\vendor\laravel\framework\src\Illuminate\Routing\Router.php(724): Illuminate\Routing\Route->run(Object(Illuminate\Http\Request))
#24 [internal function]: Illuminate\Routing\Router->Illuminate\Routing\{closure}(Object(Illuminate\Http\Request))
#25 E:\phpStudy\PHPTutorial\WWW\132git\app_api\vendor\laravel\framework\src\Illuminate\Routing\Pipeline.php(52): call_user_func(Object(Closure), Object(Illuminate\Http\Request))
#26 E:\phpStudy\PHPTutorial\WWW\132git\app_api\vendor\laravel\framework\src\Illuminate\Routing\Middleware\ThrottleRequests.php(48): Illuminate\Routing\Pipeline->Illuminate\Routing\{closure}(Object(Illuminate\Http\Request))
#27 [internal function]: Illuminate\Routing\Middleware\ThrottleRequests->handle(Object(Illuminate\Http\Request), Object(Closure), '50000', '1')
#28 E:\phpStudy\PHPTutorial\WWW\132git\app_api\vendor\laravel\framework\src\Illuminate\Pipeline\Pipeline.php(136): call_user_func_array(Array, Array)
#29 [internal function]: Illuminate\Pipeline\Pipeline->Illuminate\Pipeline\{closure}(Object(Illuminate\Http\Request))
#30 E:\phpStudy\PHPTutorial\WWW\132git\app_api\vendor\laravel\framework\src\Illuminate\Routing\Pipeline.php(32): call_user_func(Object(Closure), Object(Illuminate\Http\Request))
#31 [internal function]: Illuminate\Routing\Pipeline->Illuminate\Routing\{closure}(Object(Illuminate\Http\Request))
#32 E:\phpStudy\PHPTutorial\WWW\132git\app_api\vendor\laravel\framework\src\Illuminate\Pipeline\Pipeline.php(103): call_user_func(Object(Closure), Object(Illuminate\Http\Request))
#33 E:\phpStudy\PHPTutorial\WWW\132git\app_api\vendor\laravel\framework\src\Illuminate\Routing\Router.php(726): Illuminate\Pipeline\Pipeline->then(Object(Closure))
#34 E:\phpStudy\PHPTutorial\WWW\132git\app_api\vendor\laravel\framework\src\Illuminate\Routing\Router.php(699): Illuminate\Routing\Router->runRouteWithinStack(Object(Illuminate\Routing\Route), Object(Illuminate\Http\Request))
#35 E:\phpStudy\PHPTutorial\WWW\132git\app_api\vendor\laravel\framework\src\Illuminate\Routing\Router.php(675): Illuminate\Routing\Router->dispatchToRoute(Object(Illuminate\Http\Request))
#36 E:\phpStudy\PHPTutorial\WWW\132git\app_api\vendor\laravel\framework\src\Illuminate\Foundation\Http\Kernel.php(246): Illuminate\Routing\Router->dispatch(Object(Illuminate\Http\Request))
#37 [internal function]: Illuminate\Foundation\Http\Kernel->Illuminate\Foundation\Http\{closure}(Object(Illuminate\Http\Request))
#38 E:\phpStudy\PHPTutorial\WWW\132git\app_api\vendor\laravel\framework\src\Illuminate\Routing\Pipeline.php(52): call_user_func(Object(Closure), Object(Illuminate\Http\Request))
#39 E:\phpStudy\PHPTutorial\WWW\132git\app_api\vendor\laravel\framework\src\Illuminate\Foundation\Http\Middleware\CheckForMaintenanceMode.php(44): Illuminate\Routing\Pipeline->Illuminate\Routing\{closure}(Object(Illuminate\Http\Request))
#40 [internal function]: Illuminate\Foundation\Http\Middleware\CheckForMaintenanceMode->handle(Object(Illuminate\Http\Request), Object(Closure))
#41 E:\phpStudy\PHPTutorial\WWW\132git\app_api\vendor\laravel\framework\src\Illuminate\Pipeline\Pipeline.php(136): call_user_func_array(Array, Array)
#42 [internal function]: Illuminate\Pipeline\Pipeline->Illuminate\Pipeline\{closure}(Object(Illuminate\Http\Request))
#43 E:\phpStudy\PHPTutorial\WWW\132git\app_api\vendor\laravel\framework\src\Illuminate\Routing\Pipeline.php(32): call_user_func(Object(Closure), Object(Illuminate\Http\Request))
#44 [internal function]: Illuminate\Routing\Pipeline->Illuminate\Routing\{closure}(Object(Illuminate\Http\Request))
#45 E:\phpStudy\PHPTutorial\WWW\132git\app_api\vendor\laravel\framework\src\Illuminate\Pipeline\Pipeline.php(103): call_user_func(Object(Closure), Object(Illuminate\Http\Request))
#46 E:\phpStudy\PHPTutorial\WWW\132git\app_api\vendor\laravel\framework\src\Illuminate\Foundation\Http\Kernel.php(132): Illuminate\Pipeline\Pipeline->then(Object(Closure))
#47 E:\phpStudy\PHPTutorial\WWW\132git\app_api\vendor\laravel\framework\src\Illuminate\Foundation\Http\Kernel.php(99): Illuminate\Foundation\Http\Kernel->sendRequestThroughRouter(Object(Illuminate\Http\Request))
#48 E:\phpStudy\PHPTutorial\WWW\132git\app_api\public\index.php(53): Illuminate\Foundation\Http\Kernel->handle(Object(Illuminate\Http\Request))
#49 {main}

Next exception 'Illuminate\Database\QueryException' with message 'SQLSTATE[42000]: Syntax error or access violation: 1064 You have an error in your SQL syntax; check the manual that corresponds to your MySQL server version for the right syntax to use near ') and novelid>0 and channel=8 and addtime='2019-05-27'' at line 1 (SQL: select count(distinct(uid)) as num from statistics where uid in () and novelid>0 and channel=8 and addtime='2019-05-27')' in E:\phpStudy\PHPTutorial\WWW\132git\app_api\vendor\laravel\framework\src\Illuminate\Database\Connection.php:725
Stack trace:
#0 E:\phpStudy\PHPTutorial\WWW\132git\app_api\vendor\laravel\framework\src\Illuminate\Database\Connection.php(681): Illuminate\Database\Connection->runQueryCallback('select count(di...', Array, Object(Closure))
#1 E:\phpStudy\PHPTutorial\WWW\132git\app_api\vendor\laravel\framework\src\Illuminate\Database\Connection.php(347): Illuminate\Database\Connection->run('select count(di...', Array, Object(Closure))
#2 E:\phpStudy\PHPTutorial\WWW\132git\app_api\vendor\laravel\framework\src\Illuminate\Database\Connection.php(298): Illuminate\Database\Connection->select('select count(di...', Array)
#3 [internal function]: Illuminate\Database\Connection->selectOne('select count(di...')
#4 E:\phpStudy\PHPTutorial\WWW\132git\app_api\vendor\laravel\framework\src\Illuminate\Database\DatabaseManager.php(317): call_user_func_array(Array, Array)
#5 E:\phpStudy\PHPTutorial\WWW\132git\app_api\vendor\laravel\framework\src\Illuminate\Support\Facades\Facade.php(217): Illuminate\Database\DatabaseManager->__call('selectone', Array)
#6 E:\phpStudy\PHPTutorial\WWW\132git\app_api\vendor\laravel\framework\src\Illuminate\Support\Facades\Facade.php(217): Illuminate\Database\DatabaseManager->selectone('select count(di...')
#7 E:\phpStudy\PHPTutorial\WWW\132git\app_api\app\Http\Controllers\Api\NovelController.php(4188): Illuminate\Support\Facades\Facade::__callStatic('selectone', Array)
#8 E:\phpStudy\PHPTutorial\WWW\132git\app_api\app\Http\Controllers\Api\NovelController.php(4188): Illuminate\Support\Facades\DB::selectone('select count(di...')
#9 [internal function]: App\Http\Controllers\Api\NovelController->postGetEachHourData(Object(Illuminate\Http\Request))
#10 E:\phpStudy\PHPTutorial\WWW\132git\app_api\vendor\laravel\framework\src\Illuminate\Routing\Controller.php(80): call_user_func_array(Array, Array)
#11 E:\phpStudy\PHPTutorial\WWW\132git\app_api\vendor\laravel\framework\src\Illuminate\Routing\ControllerDispatcher.php(146): Illuminate\Routing\Controller->callAction('postGetEachHour...', Array)
#12 E:\phpStudy\PHPTutorial\WWW\132git\app_api\vendor\laravel\framework\src\Illuminate\Routing\ControllerDispatcher.php(94): Illuminate\Routing\ControllerDispatcher->call(Object(App\Http\Controllers\Api\NovelController), Object(Illuminate\Routing\Route), 'postGetEachHour...')
#13 [internal function]: Illuminate\Routing\ControllerDispatcher->Illuminate\Routing\{closure}(Object(Illuminate\Http\Request))
#14 E:\phpStudy\PHPTutorial\WWW\132git\app_api\vendor\laravel\framework\src\Illuminate\Routing\Pipeline.php(52): call_user_func(Object(Closure), Object(Illuminate\Http\Request))
#15 [internal function]: Illuminate\Routing\Pipeline->Illuminate\Routing\{closure}(Object(Illuminate\Http\Request))
#16 E:\phpStudy\PHPTutorial\WWW\132git\app_api\vendor\laravel\framework\src\Illuminate\Pipeline\Pipeline.php(103): call_user_func(Object(Closure), Object(Illuminate\Http\Request))
#17 E:\phpStudy\PHPTutorial\WWW\132git\app_api\vendor\laravel\framework\src\Illuminate\Routing\ControllerDispatcher.php(96): Illuminate\Pipeline\Pipeline->then(Object(Closure))
#18 E:\phpStudy\PHPTutorial\WWW\132git\app_api\vendor\laravel\framework\src\Illuminate\Routing\ControllerDispatcher.php(54): Illuminate\Routing\ControllerDispatcher->callWithinStack(Object(App\Http\Controllers\Api\NovelController), Object(Illuminate\Routing\Route), Object(Illuminate\Http\Request), 'postGetEachHour...')
#19 E:\phpStudy\PHPTutorial\WWW\132git\app_api\vendor\laravel\framework\src\Illuminate\Routing\Route.php(174): Illuminate\Routing\ControllerDispatcher->dispatch(Object(Illuminate\Routing\Route), Object(Illuminate\Http\Request), 'App\\Http\\Contro...', 'postGetEachHour...')
#20 E:\phpStudy\PHPTutorial\WWW\132git\app_api\vendor\laravel\framework\src\Illuminate\Routing\Route.php(140): Illuminate\Routing\Route->runController(Object(Illuminate\Http\Request))
#21 E:\phpStudy\PHPTutorial\WWW\132git\app_api\vendor\laravel\framework\src\Illuminate\Routing\Router.php(724): Illuminate\Routing\Route->run(Object(Illuminate\Http\Request))
#22 [internal function]: Illuminate\Routing\Router->Illuminate\Routing\{closure}(Object(Illuminate\Http\Request))
#23 E:\phpStudy\PHPTutorial\WWW\132git\app_api\vendor\laravel\framework\src\Illuminate\Routing\Pipeline.php(52): call_user_func(Object(Closure), Object(Illuminate\Http\Request))
#24 E:\phpStudy\PHPTutorial\WWW\132git\app_api\vendor\laravel\framework\src\Illuminate\Routing\Middleware\ThrottleRequests.php(48): Illuminate\Routing\Pipeline->Illuminate\Routing\{closure}(Object(Illuminate\Http\Request))
#25 [internal function]: Illuminate\Routing\Middleware\ThrottleRequests->handle(Object(Illuminate\Http\Request), Object(Closure), '50000', '1')
#26 E:\phpStudy\PHPTutorial\WWW\132git\app_api\vendor\laravel\framework\src\Illuminate\Pipeline\Pipeline.php(136): call_user_func_array(Array, Array)
#27 [internal function]: Illuminate\Pipeline\Pipeline->Illuminate\Pipeline\{closure}(Object(Illuminate\Http\Request))
#28 E:\phpStudy\PHPTutorial\WWW\132git\app_api\vendor\laravel\framework\src\Illuminate\Routing\Pipeline.php(32): call_user_func(Object(Closure), Object(Illuminate\Http\Request))
#29 [internal function]: Illuminate\Routing\Pipeline->Illuminate\Routing\{closure}(Object(Illuminate\Http\Request))
#30 E:\phpStudy\PHPTutorial\WWW\132git\app_api\vendor\laravel\framework\src\Illuminate\Pipeline\Pipeline.php(103): call_user_func(Object(Closure), Object(Illuminate\Http\Request))
#31 E:\phpStudy\PHPTutorial\WWW\132git\app_api\vendor\laravel\framework\src\Illuminate\Routing\Router.php(726): Illuminate\Pipeline\Pipeline->then(Object(Closure))
#32 E:\phpStudy\PHPTutorial\WWW\132git\app_api\vendor\laravel\framework\src\Illuminate\Routing\Router.php(699): Illuminate\Routing\Router->runRouteWithinStack(Object(Illuminate\Routing\Route), Object(Illuminate\Http\Request))
#33 E:\phpStudy\PHPTutorial\WWW\132git\app_api\vendor\laravel\framework\src\Illuminate\Routing\Router.php(675): Illuminate\Routing\Router->dispatchToRoute(Object(Illuminate\Http\Request))
#34 E:\phpStudy\PHPTutorial\WWW\132git\app_api\vendor\laravel\framework\src\Illuminate\Foundation\Http\Kernel.php(246): Illuminate\Routing\Router->dispatch(Object(Illuminate\Http\Request))
#35 [internal function]: Illuminate\Foundation\Http\Kernel->Illuminate\Foundation\Http\{closure}(Object(Illuminate\Http\Request))
#36 E:\phpStudy\PHPTutorial\WWW\132git\app_api\vendor\laravel\framework\src\Illuminate\Routing\Pipeline.php(52): call_user_func(Object(Closure), Object(Illuminate\Http\Request))
#37 E:\phpStudy\PHPTutorial\WWW\132git\app_api\vendor\laravel\framework\src\Illuminate\Foundation\Http\Middleware\CheckForMaintenanceMode.php(44): Illuminate\Routing\Pipeline->Illuminate\Routing\{closure}(Object(Illuminate\Http\Request))
#38 [internal function]: Illuminate\Foundation\Http\Middleware\CheckForMaintenanceMode->handle(Object(Illuminate\Http\Request), Object(Closure))
#39 E:\phpStudy\PHPTutorial\WWW\132git\app_api\vendor\laravel\framework\src\Illuminate\Pipeline\Pipeline.php(136): call_user_func_array(Array, Array)
#40 [internal function]: Illuminate\Pipeline\Pipeline->Illuminate\Pipeline\{closure}(Object(Illuminate\Http\Request))
#41 E:\phpStudy\PHPTutorial\WWW\132git\app_api\vendor\laravel\framework\src\Illuminate\Routing\Pipeline.php(32): call_user_func(Object(Closure), Object(Illuminate\Http\Request))
#42 [internal function]: Illuminate\Routing\Pipeline->Illuminate\Routing\{closure}(Object(Illuminate\Http\Request))
#43 E:\phpStudy\PHPTutorial\WWW\132git\app_api\vendor\laravel\framework\src\Illuminate\Pipeline\Pipeline.php(103): call_user_func(Object(Closure), Object(Illuminate\Http\Request))
#44 E:\phpStudy\PHPTutorial\WWW\132git\app_api\vendor\laravel\framework\src\Illuminate\Foundation\Http\Kernel.php(132): Illuminate\Pipeline\Pipeline->then(Object(Closure))
#45 E:\phpStudy\PHPTutorial\WWW\132git\app_api\vendor\laravel\framework\src\Illuminate\Foundation\Http\Kernel.php(99): Illuminate\Foundation\Http\Kernel->sendRequestThroughRouter(Object(Illuminate\Http\Request))
#46 E:\phpStudy\PHPTutorial\WWW\132git\app_api\public\index.php(53): Illuminate\Foundation\Http\Kernel->handle(Object(Illuminate\Http\Request))
#47 {main}  
[2019-05-29 09:25:07] local.ERROR: exception 'ErrorException' with message 'Indirect modification of overloaded element of App\models\NvNovelModel has no effect' in E:\phpStudy\PHPTutorial\WWW\132git\app_api\app\Http\Controllers\Api\NovelController.php:1441
Stack trace:
#0 E:\phpStudy\PHPTutorial\WWW\132git\app_api\app\Http\Controllers\Api\NovelController.php(1441): Illuminate\Foundation\Bootstrap\HandleExceptions->handleError(8, 'Indirect modifi...', 'E:\\phpStudy\\PHP...', 1441, Array)
#1 [internal function]: App\Http\Controllers\Api\NovelController->postBookStore(Object(Illuminate\Http\Request))
#2 E:\phpStudy\PHPTutorial\WWW\132git\app_api\vendor\laravel\framework\src\Illuminate\Routing\Controller.php(80): call_user_func_array(Array, Array)
#3 E:\phpStudy\PHPTutorial\WWW\132git\app_api\vendor\laravel\framework\src\Illuminate\Routing\ControllerDispatcher.php(146): Illuminate\Routing\Controller->callAction('postBookStore', Array)
#4 E:\phpStudy\PHPTutorial\WWW\132git\app_api\vendor\laravel\framework\src\Illuminate\Routing\ControllerDispatcher.php(94): Illuminate\Routing\ControllerDispatcher->call(Object(App\Http\Controllers\Api\NovelController), Object(Illuminate\Routing\Route), 'postBookStore')
#5 [internal function]: Illuminate\Routing\ControllerDispatcher->Illuminate\Routing\{closure}(Object(Illuminate\Http\Request))
#6 E:\phpStudy\PHPTutorial\WWW\132git\app_api\vendor\laravel\framework\src\Illuminate\Routing\Pipeline.php(52): call_user_func(Object(Closure), Object(Illuminate\Http\Request))
#7 [internal function]: Illuminate\Routing\Pipeline->Illuminate\Routing\{closure}(Object(Illuminate\Http\Request))
#8 E:\phpStudy\PHPTutorial\WWW\132git\app_api\vendor\laravel\framework\src\Illuminate\Pipeline\Pipeline.php(103): call_user_func(Object(Closure), Object(Illuminate\Http\Request))
#9 E:\phpStudy\PHPTutorial\WWW\132git\app_api\vendor\laravel\framework\src\Illuminate\Routing\ControllerDispatcher.php(96): Illuminate\Pipeline\Pipeline->then(Object(Closure))
#10 E:\phpStudy\PHPTutorial\WWW\132git\app_api\vendor\laravel\framework\src\Illuminate\Routing\ControllerDispatcher.php(54): Illuminate\Routing\ControllerDispatcher->callWithinStack(Object(App\Http\Controllers\Api\NovelController), Object(Illuminate\Routing\Route), Object(Illuminate\Http\Request), 'postBookStore')
#11 E:\phpStudy\PHPTutorial\WWW\132git\app_api\vendor\laravel\framework\src\Illuminate\Routing\Route.php(174): Illuminate\Routing\ControllerDispatcher->dispatch(Object(Illuminate\Routing\Route), Object(Illuminate\Http\Request), 'App\\Http\\Contro...', 'postBookStore')
#12 E:\phpStudy\PHPTutorial\WWW\132git\app_api\vendor\laravel\framework\src\Illuminate\Routing\Route.php(140): Illuminate\Routing\Route->runController(Object(Illuminate\Http\Request))
#13 E:\phpStudy\PHPTutorial\WWW\132git\app_api\vendor\laravel\framework\src\Illuminate\Routing\Router.php(724): Illuminate\Routing\Route->run(Object(Illuminate\Http\Request))
#14 [internal function]: Illuminate\Routing\Router->Illuminate\Routing\{closure}(Object(Illuminate\Http\Request))
#15 E:\phpStudy\PHPTutorial\WWW\132git\app_api\vendor\laravel\framework\src\Illuminate\Routing\Pipeline.php(52): call_user_func(Object(Closure), Object(Illuminate\Http\Request))
#16 E:\phpStudy\PHPTutorial\WWW\132git\app_api\vendor\laravel\framework\src\Illuminate\Routing\Middleware\ThrottleRequests.php(48): Illuminate\Routing\Pipeline->Illuminate\Routing\{closure}(Object(Illuminate\Http\Request))
#17 [internal function]: Illuminate\Routing\Middleware\ThrottleRequests->handle(Object(Illuminate\Http\Request), Object(Closure), '50000', '1')
#18 E:\phpStudy\PHPTutorial\WWW\132git\app_api\vendor\laravel\framework\src\Illuminate\Pipeline\Pipeline.php(136): call_user_func_array(Array, Array)
#19 [internal function]: Illuminate\Pipeline\Pipeline->Illuminate\Pipeline\{closure}(Object(Illuminate\Http\Request))
#20 E:\phpStudy\PHPTutorial\WWW\132git\app_api\vendor\laravel\framework\src\Illuminate\Routing\Pipeline.php(32): call_user_func(Object(Closure), Object(Illuminate\Http\Request))
#21 [internal function]: Illuminate\Routing\Pipeline->Illuminate\Routing\{closure}(Object(Illuminate\Http\Request))
#22 E:\phpStudy\PHPTutorial\WWW\132git\app_api\vendor\laravel\framework\src\Illuminate\Pipeline\Pipeline.php(103): call_user_func(Object(Closure), Object(Illuminate\Http\Request))
#23 E:\phpStudy\PHPTutorial\WWW\132git\app_api\vendor\laravel\framework\src\Illuminate\Routing\Router.php(726): Illuminate\Pipeline\Pipeline->then(Object(Closure))
#24 E:\phpStudy\PHPTutorial\WWW\132git\app_api\vendor\laravel\framework\src\Illuminate\Routing\Router.php(699): Illuminate\Routing\Router->runRouteWithinStack(Object(Illuminate\Routing\Route), Object(Illuminate\Http\Request))
#25 E:\phpStudy\PHPTutorial\WWW\132git\app_api\vendor\laravel\framework\src\Illuminate\Routing\Router.php(675): Illuminate\Routing\Router->dispatchToRoute(Object(Illuminate\Http\Request))
#26 E:\phpStudy\PHPTutorial\WWW\132git\app_api\vendor\laravel\framework\src\Illuminate\Foundation\Http\Kernel.php(246): Illuminate\Routing\Router->dispatch(Object(Illuminate\Http\Request))
#27 [internal function]: Illuminate\Foundation\Http\Kernel->Illuminate\Foundation\Http\{closure}(Object(Illuminate\Http\Request))
#28 E:\phpStudy\PHPTutorial\WWW\132git\app_api\vendor\laravel\framework\src\Illuminate\Routing\Pipeline.php(52): call_user_func(Object(Closure), Object(Illuminate\Http\Request))
#29 E:\phpStudy\PHPTutorial\WWW\132git\app_api\vendor\laravel\framework\src\Illuminate\Foundation\Http\Middleware\CheckForMaintenanceMode.php(44): Illuminate\Routing\Pipeline->Illuminate\Routing\{closure}(Object(Illuminate\Http\Request))
#30 [internal function]: Illuminate\Foundation\Http\Middleware\CheckForMaintenanceMode->handle(Object(Illuminate\Http\Request), Object(Closure))
#31 E:\phpStudy\PHPTutorial\WWW\132git\app_api\vendor\laravel\framework\src\Illuminate\Pipeline\Pipeline.php(136): call_user_func_array(Array, Array)
#32 [internal function]: Illuminate\Pipeline\Pipeline->Illuminate\Pipeline\{closure}(Object(Illuminate\Http\Request))
#33 E:\phpStudy\PHPTutorial\WWW\132git\app_api\vendor\laravel\framework\src\Illuminate\Routing\Pipeline.php(32): call_user_func(Object(Closure), Object(Illuminate\Http\Request))
#34 [internal function]: Illuminate\Routing\Pipeline->Illuminate\Routing\{closure}(Object(Illuminate\Http\Request))
#35 E:\phpStudy\PHPTutorial\WWW\132git\app_api\vendor\laravel\framework\src\Illuminate\Pipeline\Pipeline.php(103): call_user_func(Object(Closure), Object(Illuminate\Http\Request))
#36 E:\phpStudy\PHPTutorial\WWW\132git\app_api\vendor\laravel\framework\src\Illuminate\Foundation\Http\Kernel.php(132): Illuminate\Pipeline\Pipeline->then(Object(Closure))
#37 E:\phpStudy\PHPTutorial\WWW\132git\app_api\vendor\laravel\framework\src\Illuminate\Foundation\Http\Kernel.php(99): Illuminate\Foundation\Http\Kernel->sendRequestThroughRouter(Object(Illuminate\Http\Request))
#38 E:\phpStudy\PHPTutorial\WWW\132git\app_api\public\index.php(53): Illuminate\Foundation\Http\Kernel->handle(Object(Illuminate\Http\Request))
#39 {main}  
[2019-05-29 09:25:33] local.ERROR: exception 'ErrorException' with message 'Indirect modification of overloaded element of App\models\NvNovelModel has no effect' in E:\phpStudy\PHPTutorial\WWW\132git\app_api\app\Http\Controllers\Api\NovelController.php:1441
Stack trace:
#0 E:\phpStudy\PHPTutorial\WWW\132git\app_api\app\Http\Controllers\Api\NovelController.php(1441): Illuminate\Foundation\Bootstrap\HandleExceptions->handleError(8, 'Indirect modifi...', 'E:\\phpStudy\\PHP...', 1441, Array)
#1 [internal function]: App\Http\Controllers\Api\NovelController->postBookStore(Object(Illuminate\Http\Request))
#2 E:\phpStudy\PHPTutorial\WWW\132git\app_api\vendor\laravel\framework\src\Illuminate\Routing\Controller.php(80): call_user_func_array(Array, Array)
#3 E:\phpStudy\PHPTutorial\WWW\132git\app_api\vendor\laravel\framework\src\Illuminate\Routing\ControllerDispatcher.php(146): Illuminate\Routing\Controller->callAction('postBookStore', Array)
#4 E:\phpStudy\PHPTutorial\WWW\132git\app_api\vendor\laravel\framework\src\Illuminate\Routing\ControllerDispatcher.php(94): Illuminate\Routing\ControllerDispatcher->call(Object(App\Http\Controllers\Api\NovelController), Object(Illuminate\Routing\Route), 'postBookStore')
#5 [internal function]: Illuminate\Routing\ControllerDispatcher->Illuminate\Routing\{closure}(Object(Illuminate\Http\Request))
#6 E:\phpStudy\PHPTutorial\WWW\132git\app_api\vendor\laravel\framework\src\Illuminate\Routing\Pipeline.php(52): call_user_func(Object(Closure), Object(Illuminate\Http\Request))
#7 [internal function]: Illuminate\Routing\Pipeline->Illuminate\Routing\{closure}(Object(Illuminate\Http\Request))
#8 E:\phpStudy\PHPTutorial\WWW\132git\app_api\vendor\laravel\framework\src\Illuminate\Pipeline\Pipeline.php(103): call_user_func(Object(Closure), Object(Illuminate\Http\Request))
#9 E:\phpStudy\PHPTutorial\WWW\132git\app_api\vendor\laravel\framework\src\Illuminate\Routing\ControllerDispatcher.php(96): Illuminate\Pipeline\Pipeline->then(Object(Closure))
#10 E:\phpStudy\PHPTutorial\WWW\132git\app_api\vendor\laravel\framework\src\Illuminate\Routing\ControllerDispatcher.php(54): Illuminate\Routing\ControllerDispatcher->callWithinStack(Object(App\Http\Controllers\Api\NovelController), Object(Illuminate\Routing\Route), Object(Illuminate\Http\Request), 'postBookStore')
#11 E:\phpStudy\PHPTutorial\WWW\132git\app_api\vendor\laravel\framework\src\Illuminate\Routing\Route.php(174): Illuminate\Routing\ControllerDispatcher->dispatch(Object(Illuminate\Routing\Route), Object(Illuminate\Http\Request), 'App\\Http\\Contro...', 'postBookStore')
#12 E:\phpStudy\PHPTutorial\WWW\132git\app_api\vendor\laravel\framework\src\Illuminate\Routing\Route.php(140): Illuminate\Routing\Route->runController(Object(Illuminate\Http\Request))
#13 E:\phpStudy\PHPTutorial\WWW\132git\app_api\vendor\laravel\framework\src\Illuminate\Routing\Router.php(724): Illuminate\Routing\Route->run(Object(Illuminate\Http\Request))
#14 [internal function]: Illuminate\Routing\Router->Illuminate\Routing\{closure}(Object(Illuminate\Http\Request))
#15 E:\phpStudy\PHPTutorial\WWW\132git\app_api\vendor\laravel\framework\src\Illuminate\Routing\Pipeline.php(52): call_user_func(Object(Closure), Object(Illuminate\Http\Request))
#16 E:\phpStudy\PHPTutorial\WWW\132git\app_api\vendor\laravel\framework\src\Illuminate\Routing\Middleware\ThrottleRequests.php(48): Illuminate\Routing\Pipeline->Illuminate\Routing\{closure}(Object(Illuminate\Http\Request))
#17 [internal function]: Illuminate\Routing\Middleware\ThrottleRequests->handle(Object(Illuminate\Http\Request), Object(Closure), '50000', '1')
#18 E:\phpStudy\PHPTutorial\WWW\132git\app_api\vendor\laravel\framework\src\Illuminate\Pipeline\Pipeline.php(136): call_user_func_array(Array, Array)
#19 [internal function]: Illuminate\Pipeline\Pipeline->Illuminate\Pipeline\{closure}(Object(Illuminate\Http\Request))
#20 E:\phpStudy\PHPTutorial\WWW\132git\app_api\vendor\laravel\framework\src\Illuminate\Routing\Pipeline.php(32): call_user_func(Object(Closure), Object(Illuminate\Http\Request))
#21 [internal function]: Illuminate\Routing\Pipeline->Illuminate\Routing\{closure}(Object(Illuminate\Http\Request))
#22 E:\phpStudy\PHPTutorial\WWW\132git\app_api\vendor\laravel\framework\src\Illuminate\Pipeline\Pipeline.php(103): call_user_func(Object(Closure), Object(Illuminate\Http\Request))
#23 E:\phpStudy\PHPTutorial\WWW\132git\app_api\vendor\laravel\framework\src\Illuminate\Routing\Router.php(726): Illuminate\Pipeline\Pipeline->then(Object(Closure))
#24 E:\phpStudy\PHPTutorial\WWW\132git\app_api\vendor\laravel\framework\src\Illuminate\Routing\Router.php(699): Illuminate\Routing\Router->runRouteWithinStack(Object(Illuminate\Routing\Route), Object(Illuminate\Http\Request))
#25 E:\phpStudy\PHPTutorial\WWW\132git\app_api\vendor\laravel\framework\src\Illuminate\Routing\Router.php(675): Illuminate\Routing\Router->dispatchToRoute(Object(Illuminate\Http\Request))
#26 E:\phpStudy\PHPTutorial\WWW\132git\app_api\vendor\laravel\framework\src\Illuminate\Foundation\Http\Kernel.php(246): Illuminate\Routing\Router->dispatch(Object(Illuminate\Http\Request))
#27 [internal function]: Illuminate\Foundation\Http\Kernel->Illuminate\Foundation\Http\{closure}(Object(Illuminate\Http\Request))
#28 E:\phpStudy\PHPTutorial\WWW\132git\app_api\vendor\laravel\framework\src\Illuminate\Routing\Pipeline.php(52): call_user_func(Object(Closure), Object(Illuminate\Http\Request))
#29 E:\phpStudy\PHPTutorial\WWW\132git\app_api\vendor\laravel\framework\src\Illuminate\Foundation\Http\Middleware\CheckForMaintenanceMode.php(44): Illuminate\Routing\Pipeline->Illuminate\Routing\{closure}(Object(Illuminate\Http\Request))
#30 [internal function]: Illuminate\Foundation\Http\Middleware\CheckForMaintenanceMode->handle(Object(Illuminate\Http\Request), Object(Closure))
#31 E:\phpStudy\PHPTutorial\WWW\132git\app_api\vendor\laravel\framework\src\Illuminate\Pipeline\Pipeline.php(136): call_user_func_array(Array, Array)
#32 [internal function]: Illuminate\Pipeline\Pipeline->Illuminate\Pipeline\{closure}(Object(Illuminate\Http\Request))
#33 E:\phpStudy\PHPTutorial\WWW\132git\app_api\vendor\laravel\framework\src\Illuminate\Routing\Pipeline.php(32): call_user_func(Object(Closure), Object(Illuminate\Http\Request))
#34 [internal function]: Illuminate\Routing\Pipeline->Illuminate\Routing\{closure}(Object(Illuminate\Http\Request))
#35 E:\phpStudy\PHPTutorial\WWW\132git\app_api\vendor\laravel\framework\src\Illuminate\Pipeline\Pipeline.php(103): call_user_func(Object(Closure), Object(Illuminate\Http\Request))
#36 E:\phpStudy\PHPTutorial\WWW\132git\app_api\vendor\laravel\framework\src\Illuminate\Foundation\Http\Kernel.php(132): Illuminate\Pipeline\Pipeline->then(Object(Closure))
#37 E:\phpStudy\PHPTutorial\WWW\132git\app_api\vendor\laravel\framework\src\Illuminate\Foundation\Http\Kernel.php(99): Illuminate\Foundation\Http\Kernel->sendRequestThroughRouter(Object(Illuminate\Http\Request))
#38 E:\phpStudy\PHPTutorial\WWW\132git\app_api\public\index.php(53): Illuminate\Foundation\Http\Kernel->handle(Object(Illuminate\Http\Request))
#39 {main}  
[2019-05-31 09:09:20] local.ERROR: PDOException: SQLSTATE[HY000] [2002] 由于连接方在一段时间后没有正确答复或连接的主机没有反应，连接尝试失败。
 in E:\phpStudy\PHPTutorial\WWW\132git\app_api\vendor\laravel\framework\src\Illuminate\Database\Connectors\Connector.php:55
Stack trace:
#0 E:\phpStudy\PHPTutorial\WWW\132git\app_api\vendor\laravel\framework\src\Illuminate\Database\Connectors\Connector.php(55): PDO->__construct('mysql:host=172....', 'sq_user', 'lEzk4fVg%XQ2', Array)
#1 E:\phpStudy\PHPTutorial\WWW\132git\app_api\vendor\laravel\framework\src\Illuminate\Database\Connectors\MySqlConnector.php(24): Illuminate\Database\Connectors\Connector->createConnection('mysql:host=172....', Array, Array)
#2 E:\phpStudy\PHPTutorial\WWW\132git\app_api\vendor\laravel\framework\src\Illuminate\Database\Connectors\ConnectionFactory.php(90): Illuminate\Database\Connectors\MySqlConnector->connect(Array)
#3 E:\phpStudy\PHPTutorial\WWW\132git\app_api\vendor\laravel\framework\src\Illuminate\Database\Connectors\ConnectionFactory.php(77): Illuminate\Database\Connectors\ConnectionFactory->createReadPdo(Array)
#4 E:\phpStudy\PHPTutorial\WWW\132git\app_api\vendor\laravel\framework\src\Illuminate\Database\Connectors\ConnectionFactory.php(46): Illuminate\Database\Connectors\ConnectionFactory->createReadWriteConnection(Array)
#5 E:\phpStudy\PHPTutorial\WWW\132git\app_api\vendor\laravel\framework\src\Illuminate\Database\DatabaseManager.php(176): Illuminate\Database\Connectors\ConnectionFactory->make(Array, 'mysql')
#6 E:\phpStudy\PHPTutorial\WWW\132git\app_api\vendor\laravel\framework\src\Illuminate\Database\DatabaseManager.php(68): Illuminate\Database\DatabaseManager->makeConnection('mysql')
#7 E:\phpStudy\PHPTutorial\WWW\132git\app_api\vendor\laravel\framework\src\Illuminate\Database\DatabaseManager.php(317): Illuminate\Database\DatabaseManager->connection()
#8 E:\phpStudy\PHPTutorial\WWW\132git\app_api\vendor\laravel\framework\src\Illuminate\Support\Facades\Facade.php(217): Illuminate\Database\DatabaseManager->__call('listen', Array)
#9 E:\phpStudy\PHPTutorial\WWW\132git\app_api\app\Providers\AppServiceProvider.php(44): Illuminate\Support\Facades\Facade::__callStatic('listen', Array)
#10 [internal function]: App\Providers\AppServiceProvider->boot()
#11 E:\phpStudy\PHPTutorial\WWW\132git\app_api\vendor\laravel\framework\src\Illuminate\Container\Container.php(507): call_user_func_array(Array, Array)
#12 E:\phpStudy\PHPTutorial\WWW\132git\app_api\vendor\laravel\framework\src\Illuminate\Foundation\Application.php(759): Illuminate\Container\Container->call(Array)
#13 E:\phpStudy\PHPTutorial\WWW\132git\app_api\vendor\laravel\framework\src\Illuminate\Foundation\Application.php(742): Illuminate\Foundation\Application->bootProvider(Object(App\Providers\AppServiceProvider))
#14 [internal function]: Illuminate\Foundation\Application->Illuminate\Foundation\{closure}(Object(App\Providers\AppServiceProvider), 11)
#15 E:\phpStudy\PHPTutorial\WWW\132git\app_api\vendor\laravel\framework\src\Illuminate\Foundation\Application.php(743): array_walk(Array, Object(Closure))
#16 E:\phpStudy\PHPTutorial\WWW\132git\app_api\vendor\laravel\framework\src\Illuminate\Foundation\Bootstrap\BootProviders.php(17): Illuminate\Foundation\Application->boot()
#17 E:\phpStudy\PHPTutorial\WWW\132git\app_api\vendor\laravel\framework\src\Illuminate\Foundation\Application.php(203): Illuminate\Foundation\Bootstrap\BootProviders->bootstrap(Object(Illuminate\Foundation\Application))
#18 E:\phpStudy\PHPTutorial\WWW\132git\app_api\vendor\laravel\framework\src\Illuminate\Foundation\Http\Kernel.php(232): Illuminate\Foundation\Application->bootstrapWith(Array)
#19 E:\phpStudy\PHPTutorial\WWW\132git\app_api\vendor\laravel\framework\src\Illuminate\Foundation\Http\Kernel.php(127): Illuminate\Foundation\Http\Kernel->bootstrap()
#20 E:\phpStudy\PHPTutorial\WWW\132git\app_api\vendor\laravel\framework\src\Illuminate\Foundation\Http\Kernel.php(99): Illuminate\Foundation\Http\Kernel->sendRequestThroughRouter(Object(Illuminate\Http\Request))
#21 E:\phpStudy\PHPTutorial\WWW\132git\app_api\public\index.php(52): Illuminate\Foundation\Http\Kernel->handle(Object(Illuminate\Http\Request))
#22 {main}  
[2019-05-31 10:14:40] local.ERROR: ErrorException: Trying to get property 'name' of non-object in E:\phpStudy\PHPTutorial\WWW\132git\app_api\app\Http\Controllers\Api\NovelController.php:2836
Stack trace:
#0 E:\phpStudy\PHPTutorial\WWW\132git\app_api\app\Http\Controllers\Api\NovelController.php(2836): Illuminate\Foundation\Bootstrap\HandleExceptions->handleError(8, 'Trying to get p...', 'E:\\phpStudy\\PHP...', 2836, Array)
#1 [internal function]: App\Http\Controllers\Api\NovelController->postMyReadList(Object(Illuminate\Http\Request))
#2 E:\phpStudy\PHPTutorial\WWW\132git\app_api\vendor\laravel\framework\src\Illuminate\Routing\Controller.php(80): call_user_func_array(Array, Array)
#3 E:\phpStudy\PHPTutorial\WWW\132git\app_api\vendor\laravel\framework\src\Illuminate\Routing\ControllerDispatcher.php(146): Illuminate\Routing\Controller->callAction('postMyReadList', Array)
#4 E:\phpStudy\PHPTutorial\WWW\132git\app_api\vendor\laravel\framework\src\Illuminate\Routing\ControllerDispatcher.php(94): Illuminate\Routing\ControllerDispatcher->call(Object(App\Http\Controllers\Api\NovelController), Object(Illuminate\Routing\Route), 'postMyReadList')
#5 [internal function]: Illuminate\Routing\ControllerDispatcher->Illuminate\Routing\{closure}(Object(Illuminate\Http\Request))
#6 E:\phpStudy\PHPTutorial\WWW\132git\app_api\vendor\laravel\framework\src\Illuminate\Routing\Pipeline.php(52): call_user_func(Object(Closure), Object(Illuminate\Http\Request))
#7 [internal function]: Illuminate\Routing\Pipeline->Illuminate\Routing\{closure}(Object(Illuminate\Http\Request))
#8 E:\phpStudy\PHPTutorial\WWW\132git\app_api\vendor\laravel\framework\src\Illuminate\Pipeline\Pipeline.php(102): call_user_func(Object(Closure), Object(Illuminate\Http\Request))
#9 E:\phpStudy\PHPTutorial\WWW\132git\app_api\vendor\laravel\framework\src\Illuminate\Routing\ControllerDispatcher.php(96): Illuminate\Pipeline\Pipeline->then(Object(Closure))
#10 E:\phpStudy\PHPTutorial\WWW\132git\app_api\vendor\laravel\framework\src\Illuminate\Routing\ControllerDispatcher.php(54): Illuminate\Routing\ControllerDispatcher->callWithinStack(Object(App\Http\Controllers\Api\NovelController), Object(Illuminate\Routing\Route), Object(Illuminate\Http\Request), 'postMyReadList')
#11 E:\phpStudy\PHPTutorial\WWW\132git\app_api\vendor\laravel\framework\src\Illuminate\Routing\Route.php(174): Illuminate\Routing\ControllerDispatcher->dispatch(Object(Illuminate\Routing\Route), Object(Illuminate\Http\Request), 'App\\Http\\Contro...', 'postMyReadList')
#12 E:\phpStudy\PHPTutorial\WWW\132git\app_api\vendor\laravel\framework\src\Illuminate\Routing\Route.php(140): Illuminate\Routing\Route->runController(Object(Illuminate\Http\Request))
#13 E:\phpStudy\PHPTutorial\WWW\132git\app_api\vendor\laravel\framework\src\Illuminate\Routing\Router.php(724): Illuminate\Routing\Route->run(Object(Illuminate\Http\Request))
#14 [internal function]: Illuminate\Routing\Router->Illuminate\Routing\{closure}(Object(Illuminate\Http\Request))
#15 E:\phpStudy\PHPTutorial\WWW\132git\app_api\vendor\laravel\framework\src\Illuminate\Routing\Pipeline.php(52): call_user_func(Object(Closure), Object(Illuminate\Http\Request))
#16 E:\phpStudy\PHPTutorial\WWW\132git\app_api\vendor\laravel\framework\src\Illuminate\Routing\Middleware\ThrottleRequests.php(48): Illuminate\Routing\Pipeline->Illuminate\Routing\{closure}(Object(Illuminate\Http\Request))
#17 [internal function]: Illuminate\Routing\Middleware\ThrottleRequests->handle(Object(Illuminate\Http\Request), Object(Closure), '50000', '1')
#18 E:\phpStudy\PHPTutorial\WWW\132git\app_api\vendor\laravel\framework\src\Illuminate\Pipeline\Pipeline.php(136): call_user_func_array(Array, Array)
#19 [internal function]: Illuminate\Pipeline\Pipeline->Illuminate\Pipeline\{closure}(Object(Illuminate\Http\Request))
#20 E:\phpStudy\PHPTutorial\WWW\132git\app_api\vendor\laravel\framework\src\Illuminate\Routing\Pipeline.php(32): call_user_func(Object(Closure), Object(Illuminate\Http\Request))
#21 [internal function]: Illuminate\Routing\Pipeline->Illuminate\Routing\{closure}(Object(Illuminate\Http\Request))
#22 E:\phpStudy\PHPTutorial\WWW\132git\app_api\vendor\laravel\framework\src\Illuminate\Pipeline\Pipeline.php(102): call_user_func(Object(Closure), Object(Illuminate\Http\Request))
#23 E:\phpStudy\PHPTutorial\WWW\132git\app_api\vendor\laravel\framework\src\Illuminate\Routing\Router.php(726): Illuminate\Pipeline\Pipeline->then(Object(Closure))
#24 E:\phpStudy\PHPTutorial\WWW\132git\app_api\vendor\laravel\framework\src\Illuminate\Routing\Router.php(699): Illuminate\Routing\Router->runRouteWithinStack(Object(Illuminate\Routing\Route), Object(Illuminate\Http\Request))
#25 E:\phpStudy\PHPTutorial\WWW\132git\app_api\vendor\laravel\framework\src\Illuminate\Routing\Router.php(675): Illuminate\Routing\Router->dispatchToRoute(Object(Illuminate\Http\Request))
#26 E:\phpStudy\PHPTutorial\WWW\132git\app_api\vendor\laravel\framework\src\Illuminate\Foundation\Http\Kernel.php(246): Illuminate\Routing\Router->dispatch(Object(Illuminate\Http\Request))
#27 [internal function]: Illuminate\Foundation\Http\Kernel->Illuminate\Foundation\Http\{closure}(Object(Illuminate\Http\Request))
#28 E:\phpStudy\PHPTutorial\WWW\132git\app_api\vendor\laravel\framework\src\Illuminate\Routing\Pipeline.php(52): call_user_func(Object(Closure), Object(Illuminate\Http\Request))
#29 E:\phpStudy\PHPTutorial\WWW\132git\app_api\vendor\laravel\framework\src\Illuminate\Foundation\Http\Middleware\CheckForMaintenanceMode.php(44): Illuminate\Routing\Pipeline->Illuminate\Routing\{closure}(Object(Illuminate\Http\Request))
#30 [internal function]: Illuminate\Foundation\Http\Middleware\CheckForMaintenanceMode->handle(Object(Illuminate\Http\Request), Object(Closure))
#31 E:\phpStudy\PHPTutorial\WWW\132git\app_api\vendor\laravel\framework\src\Illuminate\Pipeline\Pipeline.php(136): call_user_func_array(Array, Array)
#32 [internal function]: Illuminate\Pipeline\Pipeline->Illuminate\Pipeline\{closure}(Object(Illuminate\Http\Request))
#33 E:\phpStudy\PHPTutorial\WWW\132git\app_api\vendor\laravel\framework\src\Illuminate\Routing\Pipeline.php(32): call_user_func(Object(Closure), Object(Illuminate\Http\Request))
#34 [internal function]: Illuminate\Routing\Pipeline->Illuminate\Routing\{closure}(Object(Illuminate\Http\Request))
#35 E:\phpStudy\PHPTutorial\WWW\132git\app_api\vendor\laravel\framework\src\Illuminate\Pipeline\Pipeline.php(102): call_user_func(Object(Closure), Object(Illuminate\Http\Request))
#36 E:\phpStudy\PHPTutorial\WWW\132git\app_api\vendor\laravel\framework\src\Illuminate\Foundation\Http\Kernel.php(132): Illuminate\Pipeline\Pipeline->then(Object(Closure))
#37 E:\phpStudy\PHPTutorial\WWW\132git\app_api\vendor\laravel\framework\src\Illuminate\Foundation\Http\Kernel.php(99): Illuminate\Foundation\Http\Kernel->sendRequestThroughRouter(Object(Illuminate\Http\Request))
#38 E:\phpStudy\PHPTutorial\WWW\132git\app_api\public\index.php(52): Illuminate\Foundation\Http\Kernel->handle(Object(Illuminate\Http\Request))
#39 {main}  
