INSERT INTO novel VALUES (0, 1,2,'3','江湖生存手册','六炎白夜','睡个觉打个盹儿就穿越了，尼玛，再也没有比这更坑爹的穿越方式了！一定是她的睡觉方式不对！都是穿越，为何别人都是穿成公主或千金小姐，穿金戴银的，吃香的喝辣的。而她，却穿成了灭门之后！全家被灭门，只剩她一根独苗苗，以致于她一路被追杀，一路遇阴谋，一路去逃难！武林大陆，风起云涌。杀手连环围剿，次次险象环生。然而，她却总能因祸得福！灭门之仇，她该如何以其人之道还治其人之身！九霄神钥，又隐藏着多么惊天动地的生世之谜！内心笃定，这个世上一定有她的一方立足之地！倾国倾城如她，冷漠少主如他，风华绝代如他，锐利冷峻如他，白衣胜雪如他……这一世，她收获的不仅仅是亲情、友情，更收获了浓烈炙热而温暖人心的爱情！且看朝露如何在异世扮猪吃老虎，冠盖满京华，独步倾天下！','http://r.boquge.com/files/article/image/0/4/4s.jpg',999,'1',0,'','2016-05-29 17:58',0,0,0,'2018-12-24 16:05:02','2018-12-24 16:05:02')2018-12-24 16:05:03 
INSERT INTO novel_status VALUES (102028, 'https://www.boquge.com/xs/4/index.html','江湖生存手册',1) 
INSERT INTO novel VALUES (0, 1,2,'3','良缘天赐','一抹冰绿','现代小白领穿越到娇蛮跋扈女贵女身上，刚来就被许配给上京鼎鼎有名的纨绔子弟，这让她情何以堪。且看穿越女咸鱼翻生的华丽转身。','http://r.boquge.com/files/article/image/0/11/11s.jpg',999,'1',0,'','2016-05-29 17:58',0,0,0,'2018-12-24 16:05:07','2018-12-24 16:05:07')2018-12-24 16:05:07 
INSERT INTO novel_status VALUES (102029, 'https://www.boquge.com/xs/11/index.html','良缘天赐',1) 
INSERT INTO novel VALUES (0, 1,2,'3','重生之妾本嫡枝','沐清浅','悠悠转醒，赵令仪发现自己回到了多年以前母亲还在的时候，可是却不想重活一世也只能再见母亲最后一面……即便是这一生依然失去了哥哥和母亲这两个最亲近的人，却再也不会看不透别人的狼子野心。前世欠了自己的，这一生定然要讨回来，只是，母亲的死，难道也和她有关系？揭开层层迷雾，赵令仪暗自发誓：这一世，她要掌控她的一切……','http://r.boquge.com/files/article/image/0/103/103s.jpg',999,'1',0,'','2016-05-29 17:58',0,0,0,'2018-12-24 16:06:03','2018-12-24 16:06:03')2018-12-24 16:06:04 
INSERT INTO novel_status VALUES (102030, 'https://www.boquge.com/xs/103/index.html','重生之妾本嫡枝',1) 
INSERT INTO novel VALUES (0, 1,2,'3','百味田园','独孤弯月','没有硬气的爹娘，不怕，我会种粮。家徒四壁又何妨，咱最精通美食酿酒，赚钱经商。三言两语，骗来机灵小跟班。妙手回春，救回偷钱偷心俊俏君郎。顺我者吃肉，逆我着，哼哼，喝西北风，就——糠。那个什么，稀饭豆豆的亲们，收藏推荐各种求啊。','http://r.boquge.com/files/article/image/0/130/130s.jpg',999,'1',0,'','2017-01-27 14:12',0,0,0,'2018-12-24 16:06:20','2018-12-24 16:06:20')2018-12-24 16:06:20 
INSERT INTO novel_status VALUES (102031, 'https://www.boquge.com/xs/130/index.html','百味田园',1) 
INSERT INTO novel VALUES (0, 1,2,'3','香江大亨','寒牧云','王贲，原是一个猥琐的屌丝男。他原本最大的愿望就是混吃等死。没有想到有一天，他和网上勾来的小少妇视频爱爱后，一觉醒来，竟是出现在年汪洋的大海上，成为一名偷渡者。他的目的地是香港。幸好身边还有一个美丽的少妇陪着他。','http://r.boquge.com/files/article/image/0/150/150s.jpg',999,'1',0,'','2016-05-29 17:58',0,0,0,'2018-12-24 16:06:32','2018-12-24 16:06:32')2018-12-24 16:06:32 
INSERT INTO novel_status VALUES (102032, 'https://www.boquge.com/xs/150/index.html','香江大亨',1) 
INSERT INTO novel VALUES (0, 1,2,'3','粉红公寓','给力大老虎','绝色艳天下，兽血沸人间！','http://r.boquge.com/files/article/image/0/170/170s.jpg',999,'1',0,'','2016-05-29 17:58',0,0,0,'2018-12-24 16:06:44','2018-12-24 16:06:44')2018-12-24 16:06:45 
INSERT INTO novel_status VALUES (102033, 'https://www.boquge.com/xs/170/index.html','粉红公寓',1) 
INSERT INTO novel VALUES (0, 2,1,'3','魔首记','龍吟月','传说，唯美爱情，华丽史诗，神秘世界，一首玄幻征战的宇宙之歌，唱响多维空间。空山灵雨的节奏、叹息的风、闲逸飘悠、无拘无束、飙高震荡、峰回路转里的韵之动。大道，哲道，武道，破道，且看是谁成为忧伤霸主，拾起宇宙链子。是谁成为绝代逍遥王？潇洒一世之上！天道任行，不世出，千古风流人物。天马行空！磅礡气势！钜力万钧！','http://r.boquge.com/files/article/image/0/184/184s.jpg',999,'1',0,'','2016-05-29 17:58',0,0,0,'2018-12-24 16:06:52','2018-12-24 16:06:52')2018-12-24 16:06:53 
INSERT INTO novel_status VALUES (102034, 'https://www.boquge.com/xs/184/index.html','魔首记',1) 
INSERT INTO novel VALUES (0, 1,2,'3','前妻离婚无效','旖旎萌妃','前妻离婚无效最新章节列：小说《前妻离婚无效》旖旎萌妃著,前妻离婚无效全文阅读关于前妻离婚无效：意外降临的小生命，将两个不同轨道上的他们捆绑在了一起。世纪婚宴，徐自知挺着六个月的大肚子，独自一人走','http://r.boquge.com/files/article/image/0/215/215s.jpg',999,'1',0,'','2016-05-29 17:58',0,0,0,'2018-12-24 16:07:11','2018-12-24 16:07:11')2018-12-24 16:07:12 
INSERT INTO novel_status VALUES (102035, 'https://www.boquge.com/xs/215/index.html','前妻离婚无效',1) 
INSERT INTO novel VALUES (0, 11,1,'3','虎狼妇人美少年','狗吃西瓜','见了女生就脸红，林乐毕业后回到村里，遇上个大嫂，情况不妙哦。好耍不过人耍人，村里村外的许多妇人，都想耍一耍美少年。无意进了古墓，喜获仙界异能，尼姑庙遭遇庵主，内外修为升级。摆平一个个权势女强人，终成富豪。收服国际国内各类明星，手到擒来，不知何时金盆洗手哦。此书新手必读，老手借鉴，堪称宝典！','http://r.boquge.com/files/article/image/0/233/233s.jpg',999,'1',0,'','2016-05-29 17:58',0,0,0,'2018-12-24 16:07:22','2018-12-24 16:07:22')2018-12-24 16:07:23 
INSERT INTO novel_status VALUES (102036, 'https://www.boquge.com/xs/233/index.html','虎狼妇人美少年',1) 
INSERT INTO novel VALUES (0, 11,1,'3','名主','反派光华','娶柳梦璃为妻，看貂蝉翩翩起舞，听蔡文姬绝妙音乐，吃黄蓉做的美食，随蒂法学拳法，跟桔梗比箭术，与秦梦瑶双修，陪陆雪琪斩妖，雷峰塔里救白蛇，倩女销魂杀树妖。在长坂坡随赵云七进七出；在凌霄宫与圣人论道；与路飞杨帆出海做海贼王，虚圈里大战死神，与火影对决，替叶孤城天外飞仙，做战警除暴安良、、、做就最强最邪恶的！','http://r.boquge.com/files/article/image/0/241/241s.jpg',999,'1',0,'','2016-05-29 17:58',0,0,0,'2018-12-24 16:07:27','2018-12-24 16:07:27')2018-12-24 16:07:28 
INSERT INTO novel_status VALUES (102037, 'https://www.boquge.com/xs/241/index.html','名主',1) 
INSERT INTO novel VALUES (0, 2,1,'3','朝廷鹰犬','一猪西来','领袖群伦，声名显赫的白道圣地。权倾天下，传承百年的门阀士族。称霸江湖，凶名昭著的黑道巨擘。神秘莫测，居心叵测的魔门教徒。重生于这个世界，元真加入了御前禁卫都督府，成为了世人口中的“朝廷鹰犬”……乱宫廷，定江湖，镇北疆，平南楚……元真行走于光明与黑暗之间，生与死的边缘，当他一路攀上山巅，蓦然回首，才发现自己这一世过得如此精彩。本文休闲娱乐之作，一切与历史有涉之处都请不要当真。：新人新书求支持，点击，推荐，收藏来者不拒。','http://r.boquge.com/files/article/image/0/243/243s.jpg',999,'1',0,'','2016-05-29 17:58',0,0,0,'2018-12-24 16:07:28','2018-12-24 16:07:28')2018-12-24 16:07:29 
INSERT INTO novel_status VALUES (102038, 'https://www.boquge.com/xs/243/index.html','朝廷鹰犬',1) 
INSERT INTO novel VALUES (0, 1,2,'3','天若有情','浮生若梦1992','天生过目不忘的萧然重生了，回到十八岁，却发现身处于平行世界。这里科技发达，这里国家强盛，可惜文化产业却面临着一个断层。这里没有，没有四大天王，没有杰伦，也没有港产片，甚至连金古黄梁温这些武侠名家也统统没有。于是萧然决定亲手再将这些文艺经典带给这个世界……','http://r.boquge.com/files/article/image/0/256/256s.jpg',999,'1',0,'','2016-05-29 17:58',0,0,0,'2018-12-24 16:07:36','2018-12-24 16:07:36')2018-12-24 16:07:37 
INSERT INTO novel_status VALUES (102039, 'https://www.boquge.com/xs/256/index.html','天若有情',1) 
INSERT INTO novel VALUES (0, 1,2,'3','无敌小仙师','自由的鱼鱼','有道是，天上不会掉馅饼，可天上为什么会掉七彩手链啊？而且，她还被这串七彩手链砸中了脑袋？更要命的是，这串手链中居然包含了六大神术？天眼术、炼药术、召唤术、异语术、学习术、修仙术，玄妙无穷，得心应手啊！可我林馨儿，只是一个小小的老师呀，怎么能一下子承受这么大的福气？但是，六大神术很快就和自己融为一体了。林馨儿也变得信心满满，那好吧，既然有了神术，我就不要再做一个平凡的小老师，而是要做一个天下无敌的小仙师！一个无敌小仙师的幸福、爆笑精彩开讲，快来点击阅读吧！','http://r.boquge.com/files/article/image/0/268/268s.jpg',999,'1',0,'','2016-05-29 17:58',0,0,0,'2018-12-24 16:07:44','2018-12-24 16:07:44')2018-12-24 16:07:44 
INSERT INTO novel_status VALUES (102040, 'https://www.boquge.com/xs/268/index.html','无敌小仙师',1) 
INSERT INTO novel VALUES (0, 1,2,'3','富甲天下','雕栏玉砌','莫浅两辈子都是劳碌命，只不过，这辈子的起点竟然比上辈子还要低。上辈子不过是房贷还没来得及还完，加加减减也就几十万。这辈子却是欠下了千万两银子的债务，折算成人民币，那是数百亿的资产。这真是一个悲伤的故事……','http://r.boquge.com/files/article/image/0/335/335s.jpg',999,'1',0,'','2016-05-29 17:58',0,0,0,'2018-12-24 16:08:26','2018-12-24 16:08:26')2018-12-24 16:08:27 
INSERT INTO novel_status VALUES (102041, 'https://www.boquge.com/xs/335/index.html','富甲天下',1) 
INSERT INTO novel VALUES (0, 1,2,'3','绝品神医','鑫森小晶','他是华夏最神秘的猫王，是佣兵世界绝对的王者，更是令世界元首头疼的杀手。但一个惊天的阴谋，让他失去的曾经的记忆，成为一名医生。且看一代神医，凭着手中三寸金针，夺回曾经属于他的尊严与荣耀。某女怒视着张扬道：“小子，你再耍流氓，信不信老娘我打得你跪地求饶。”“嘿嘿。”张扬乐了，度仰望苍穹，流露出追忆之色道：“跪地求饶？我这辈子，只跪下干过一件事情。”“什么事？”女孩不假思索，脱口问道。张扬从追忆之中回过神来，坏笑着，眼神极富侵略性的盯着女孩吐出了四个字：“老汉推车。”，小晶都市震撼力作，《绝品神医》，已内签，每天保底两更，中午点，晚上点，兄弟们推荐票，收藏，打赏什么的够猛烈，小晶定然也猛烈爆发。','http://r.boquge.com/files/article/image/0/343/343s.jpg',999,'1',0,'','2016-05-29 17:58',0,0,0,'2018-12-24 16:08:32','2018-12-24 16:08:32')2018-12-24 16:08:32 
INSERT INTO novel_status VALUES (102042, 'https://www.boquge.com/xs/343/index.html','绝品神医',1) 
INSERT INTO novel VALUES (0, 7,1,'3','格格驾到','三姝贝','她是八王爷的遗腹女，她是天皇贵胄的艾格格，她从小怀灭家之仇，立誓要对雍正朝王公大臣复仇，恢复家声，还父亲八王声誉。他是她的首要复仇对象，他英俊潇洒腹黑又无赖，身边娇宠无数，怎地相见后，却成了‘桃园结拜兄弟’？四大侍卫护驾，青楼出身侍女红翠妖娆，艾格格如何女扮男装，使计颠覆乾隆朝！','http://r.boquge.com/files/article/image/0/344/344s.jpg',999,'1',0,'','2016-05-29 17:58',0,0,0,'2018-12-24 16:08:32','2018-12-24 16:08:32')2018-12-24 16:08:33 
INSERT INTO novel_status VALUES (102043, 'https://www.boquge.com/xs/344/index.html','格格驾到',1) 
INSERT INTO novel VALUES (0, 1,2,'3','重生珠户人家','水澜晶','一只现代米虫穿越到了古代，她该如何生存下去？答案是，她不只能生存，她还能生活得很快乐！且看现代享受大师携带享受技能，欢脱穿越、致富在农耕时代！美女俊男、金银财宝那是必须的！爱护爱护动物，保护保护小妖，日子别提多美了，不过，未来的相公，你怎么出现在我的阴阳眼里……温馨田园搞笑风，不虐不苦，甜心展开，放心阅读~~~','http://r.boquge.com/files/article/image/0/345/345s.jpg',999,'1',0,'','2016-05-29 17:58',0,0,0,'2018-12-24 16:08:33','2018-12-24 16:08:33')2018-12-24 16:08:34 
INSERT INTO novel_status VALUES (102044, 'https://www.boquge.com/xs/345/index.html','重生珠户人家',1) 
INSERT INTO novel VALUES (0, 1,2,'3','花开半世','婷在书里','>她是当朝臣相的小女儿，她有着万千宠爱于一身；他是名震江湖，名旺四方的宋府大少爷；他是包揽天下情报的风流公子；他是来无影去无踪的纨绔王爷；七岁时，她对他说然哥哥，我喜欢你。他却冷漠无情，只留给她一抹背影时光飞逝，岁月无痕，转眼佳人已由清美稚童，脱变为绝色红颜，重遇往昔的爱人，她依旧怦然心动。然而性命攸关的一夜错付，将她彻底圈禁在一生一念中；面临诸多迷雾与阴谋阻挡在两人之间，旧事重题，旧情是否能续？年复一年的花开花落，又是谁，留下了谁，独守半世花开','http://r.boquge.com/files/article/image/0/373/373s.jpg',999,'1',0,'','2016-05-29 17:58',0,0,0,'2018-12-24 16:08:50','2018-12-24 16:08:50')2018-12-24 16:08:51 
INSERT INTO novel_status VALUES (102045, 'https://www.boquge.com/xs/373/index.html','花开半世',1) 
INSERT INTO novel VALUES (0, 1,2,'3','天阙帝后','朝雾美咲','>两个君王，一个温柔腹黑，一个冷酷残暴。两大男神，一个阴狠嗜血，一个油嘴滑舌。这些站在三界众生顶端的男人，却都为了她而变得疯狂。而她，只是简单萌呆，遇事便躲，神经大条的普通人类。她只想找寻梦中的拥吻着她的男子，与他平凡温暖的度过一生。然而，一枚御狐令，开启她命运的齿轮，疏导着她无法平凡的人生。当天魔神觉醒，御狐令开启，她梦中的男子出现，一切迷雾得以拨开…','http://r.boquge.com/files/article/image/0/404/404s.jpg',999,'1',0,'','2016-05-29 17:58',0,0,0,'2018-12-24 16:09:09','2018-12-24 16:09:09')2018-12-24 16:09:09 
INSERT INTO novel_status VALUES (102046, 'https://www.boquge.com/xs/404/index.html','天阙帝后',1) 
INSERT INTO novel VALUES (0, 2,1,'3','绝代霸主（岳龙鹏）','岳龙鹏','一个站在世界巅峰，无所不能的地下皇帝，因古怪石鼎穿越到大齐皇朝，附体在一名被所有人看不起的倒插门酸秀才身上。无所不能的霸主，拥有看穿一切的神眼，淡定的碾压着一切，走上只能站一个人的至尊巅峰。何谓霸道，不服？何须跟他讲道理浪费唾沫，碾压过去就是了。何谓霸主？王上加一点，凌驾在诸王之上的，只有这一点！主，在王上！','http://r.boquge.com/files/article/image/0/460/460s.jpg',999,'1',0,'','2016-05-29 17:58',0,0,0,'2018-12-24 16:09:43','2018-12-24 16:09:43')2018-12-24 16:09:43 
INSERT INTO novel_status VALUES (102047, 'https://www.boquge.com/xs/460/index.html','绝代霸主（岳龙鹏）',1) 
INSERT INTO novel VALUES (0, 1,2,'3','归恩记','扫雪寻砚','归恩记','http://r.boquge.com/files/article/image/0/489/489s.jpg',999,'1',0,'','2016-05-29 17:58',0,0,0,'2018-12-24 16:10:01','2018-12-24 16:10:01')2018-12-24 16:10:01 
INSERT INTO novel_status VALUES (102048, 'https://www.boquge.com/xs/489/index.html','归恩记',1) 
INSERT INTO novel VALUES (0, 6,1,'3','凡女仙途','潭子','八岁丧父，十岁丧母，好容易认可的家族，却在她带着无数藏宝归来时，灭门。因杀戮星现，却又不容修仙界，匹夫无罪，怀壁其罪，看她如何躲过纷纷扰扰，走在修仙大道的最前沿。到底？我是杀戮星，还是福运神……做不到冷默无情，看不断爱，恨，情，仇，痴，修仙路上，一路跌撞只因有梦，所以坚持','http://r.boquge.com/files/article/image/0/496/496s.jpg',999,'1',0,'','2016-05-29 17:58',0,0,0,'2018-12-24 16:10:05','2018-12-24 16:10:05')2018-12-24 16:10:06 
INSERT INTO novel_status VALUES (102049, 'https://www.boquge.com/xs/496/index.html','凡女仙途',1) 
INSERT INTO novel VALUES (0, 7,1,'3','重生一一王者归来','长生门','重生一一王者归来','http://r.boquge.com/files/article/image/0/498/498s.jpg',999,'1',0,'','2016-05-29 17:58',0,0,0,'2018-12-24 16:10:06','2018-12-24 16:10:06')2018-12-24 16:10:07 
INSERT INTO novel_status VALUES (102050, 'https://www.boquge.com/xs/498/index.html','重生一一王者归来',1) 
INSERT INTO novel VALUES (0, 2,1,'3','全能战神','有情吸血鬼','战神大陆，一个战气纵横的时代，且看燕飞拿捏天地之气，破苍穹之罩，成就全能战神！','http://r.boquge.com/files/article/image/0/518/518s.jpg',999,'1',0,'','2016-05-29 17:58',0,0,0,'2018-12-24 16:10:19','2018-12-24 16:10:19')2018-12-24 16:10:19 
INSERT INTO novel_status VALUES (102051, 'https://www.boquge.com/xs/518/index.html','全能战神',1) 
INSERT INTO novel VALUES (0, 11,1,'3','星际之萌妈养包纸','飘摇的妮','包子控管家控钱钱控你还有神马不控，睁着呆萌的双眼，尚清回答：其实我不控，一点都不控。','http://r.boquge.com/files/article/image/0/519/519s.jpg',999,'1',0,'','2016-05-29 17:58',0,0,0,'2018-12-24 16:10:19','2018-12-24 16:10:19')2018-12-24 16:10:20 
INSERT INTO novel_status VALUES (102052, 'https://www.boquge.com/xs/519/index.html','星际之萌妈养包纸',1) 
INSERT INTO novel VALUES (0, 1,2,'3','我的首席大人','**小狸','五年前，他残忍告诉她，“你不配拥有我的孩子。”当她发现自已已经怀孕时，为了保护腹中孩子，她坚决起诉离婚。五年后，她回国探亲，转身遇见他，她假装不认识，他却突然堵住他的去路，勾唇冷笑，“偷了我的东西，还想逃到哪里去？”“谁偷了你的东西？五年前我们不是都算清楚了吗？”她心中一颤，埂着脖子大声说道。“是算清楚明面上的，但是暗地里偷的呢？”“谁……谁偷了你东西了？”她强持镇定。“小嘴还不老实。”他暖昧的靠近。“妈咪？这人是谁啊！”突然从旁边钻出一个小豆丁。“不认识。”她冷淡道。男人看着酷似自已的小男孩，温柔的笑道，“我是你爹地。”“妈咪说了，饭可以乱吃，爹地不能乱认，再说，我有爹地了！”这时，一个帅气优雅的男人从旁边走过来，朝他冷笑道，“好久不见，需要我介绍我的妻子和儿子吗？”','http://r.boquge.com/files/article/image/0/583/583s.jpg',999,'1',0,'','2016-05-29 17:58',0,0,0,'2018-12-24 16:11:00','2018-12-24 16:11:00')2018-12-24 16:11:00 
INSERT INTO novel_status VALUES (102053, 'https://www.boquge.com/xs/583/index.html','我的首席大人',1) 
INSERT INTO novel VALUES (0, 2,1,'3','神官圣职','東海梧桐','神眷，被神眷顾的人，光明神殿的宠儿。获得神秘祭司姐姐赠送的小礼物，穿越少年伊南，成为了神眷者。然后，他又腹黑地开始谋划，怎么从一位抢夺自己身体失败的灵魂身上，得到它的神秘物品…………（大家别被书名误导，本书虽然写的是光明神殿，但没说神官就得一直为神打工。其实这是一个腹黑可爱的少年，借势借力，最后自己成神的故事。本书风格明显，基本看上一两章，就知道合不合口味了。所以还请大家抽几分钟出来，试阅一下，也许它正好合您的心意……）','http://r.boquge.com/files/article/image/0/599/599s.jpg',999,'1',0,'','2016-05-29 17:58',0,0,0,'2018-12-24 16:11:10','2018-12-24 16:11:10')2018-12-24 16:11:11 
INSERT INTO novel_status VALUES (102054, 'https://www.boquge.com/xs/599/index.html','神官圣职',1) 
INSERT INTO novel VALUES (0, 2,1,'3','阿屠','一碗青砂','于我得阿耨多罗三藐三菩提之时。死者之鲜血化作七宝布施，福德不可思量。亡者之头颅化作周天星辰，如恒河所有沙数。十方地狱六道轮回莲花绽放化作佛国。过去未来之中再无苦难。三千世界芸芸众生永生极乐。杀戮的罪业终会被时间所和解，因为在这个因果轮回不可逆转的世界里，一切都被预先的谅解了，一切也就被卑鄙的许可了。（这是一个屠夫戴着神佛面具的故事……）','http://r.boquge.com/files/article/image/0/600/600s.jpg',999,'1',0,'','2016-05-29 17:58',0,0,0,'2018-12-24 16:11:11','2018-12-24 16:11:11')2018-12-24 16:11:11 
INSERT INTO novel_status VALUES (102055, 'https://www.boquge.com/xs/600/index.html','阿屠',1) 
INSERT INTO novel VALUES (0, 11,1,'3','女神天然呆','天梦流彩','一句话简介：女强穿越伪兄妹多男主星际机甲常规简介：原特种兵高级将领宋卿晴在一次事故中穿越到平行空间，醒来时记忆一片空白。原本天性淡泊的她不得不背着狼藉的名声，周旋在各种帅哥之间。忠犬情人，腹黑哥哥，冰山老公，儒雅少帅什么的真的不是她的菜啊，她只想开着机甲遨游在星际间。直到一张一模一样的脸出现在她面前：“你的一切都是我的，老公是我的，哥哥是我的，情人也是我的"是转身潇洒的离去，还是打败邪恶女配拯救众美男？','http://r.boquge.com/files/article/image/0/632/632s.jpg',999,'1',0,'','2016-05-29 17:58',0,0,0,'2018-12-24 16:11:30','2018-12-24 16:11:30')2018-12-24 16:11:31 
INSERT INTO novel_status VALUES (102056, 'https://www.boquge.com/xs/632/index.html','女神天然呆',1) 
INSERT INTO novel VALUES (0, 2,1,'3','炮灰女配修仙记','吚哇伊','穿越进了没怎么看过的小说中，一出现就代替女主领了盒饭本身未死，醒来却要面对完全未知的磅礴世界池桑落表示，来之安之，她会一步一个脚印，于广阔世界中搏得一席地位！【有可能会改书名，所以希望愿意看文的亲们都收藏一下，不然以后就可能找不到了喵】','http://r.boquge.com/files/article/image/0/648/648s.jpg',999,'1',0,'','2016-05-29 17:58',0,0,0,'2018-12-24 16:11:39','2018-12-24 16:11:39')2018-12-24 16:11:40 
INSERT INTO novel_status VALUES (102057, 'https://www.boquge.com/xs/648/index.html','炮灰女配修仙记',1) 
